{
  "numFailedTestSuites": 1,
  "numFailedTests": 8,
  "numPassedTestSuites": 8,
  "numPassedTests": 87,
  "numPendingTestSuites": 0,
  "numPendingTests": 0,
  "numRuntimeErrorTestSuites": 0,
  "numTodoTests": 0,
  "numTotalTestSuites": 9,
  "numTotalTests": 95,
  "openHandles": [],
  "snapshot": {
    "added": 0,
    "didUpdate": false,
    "failure": false,
    "filesAdded": 0,
    "filesRemoved": 0,
    "filesRemovedList": [],
    "filesUnmatched": 0,
    "filesUpdated": 0,
    "matched": 0,
    "total": 0,
    "unchecked": 0,
    "uncheckedKeysByFile": [],
    "unmatched": 0,
    "updated": 0
  },
  "startTime": 1774481447737,
  "success": false,
  "testResults": [
    {
      "assertionResults": [
        {
          "ancestorTitles": ["UI/UX guideline checks (deep)"],
          "duration": 2,
          "failing": false,
          "failureDetails": [],
          "failureMessages": [],
          "fullName": "UI/UX guideline checks (deep) guideline includes required UI/UX checklist items",
          "invocations": 1,
          "location": null,
          "numPassingAsserts": 4,
          "retryReasons": [],
          "startAt": 1774481447931,
          "status": "passed",
          "title": "guideline includes required UI/UX checklist items"
        },
        {
          "ancestorTitles": ["UI/UX guideline checks (deep)"],
          "duration": 0,
          "failing": false,
          "failureDetails": [],
          "failureMessages": [],
          "fullName": "UI/UX guideline checks (deep) guideline enforces UI automation command in checklist",
          "invocations": 1,
          "location": null,
          "numPassingAsserts": 1,
          "retryReasons": [],
          "startAt": 1774481447933,
          "status": "passed",
          "title": "guideline enforces UI automation command in checklist"
        },
        {
          "ancestorTitles": ["UI/UX guideline checks (deep)"],
          "duration": 1,
          "failing": false,
          "failureDetails": [],
          "failureMessages": [],
          "fullName": "UI/UX guideline checks (deep) head defines html locale, direction, and initial theme",
          "invocations": 1,
          "location": null,
          "numPassingAsserts": 1,
          "retryReasons": [],
          "startAt": 1774481447933,
          "status": "passed",
          "title": "head defines html locale, direction, and initial theme"
        },
        {
          "ancestorTitles": ["UI/UX guideline checks (deep)"],
          "duration": 0,
          "failing": false,
          "failureDetails": [],
          "failureMessages": [],
          "fullName": "UI/UX guideline checks (deep) head includes viewport and csrf meta tags",
          "invocations": 1,
          "location": null,
          "numPassingAsserts": 2,
          "retryReasons": [],
          "startAt": 1774481447934,
          "status": "passed",
          "title": "head includes viewport and csrf meta tags"
        },
        {
          "ancestorTitles": ["UI/UX guideline checks (deep)"],
          "duration": 0,
          "failing": false,
          "failureDetails": [],
          "failureMessages": [],
          "fullName": "UI/UX guideline checks (deep) head includes webfont loading and app stylesheet",
          "invocations": 1,
          "location": null,
          "numPassingAsserts": 2,
          "retryReasons": [],
          "startAt": 1774481447934,
          "status": "passed",
          "title": "head includes webfont loading and app stylesheet"
        },
        {
          "ancestorTitles": ["UI/UX guideline checks (deep)"],
          "duration": 1,
          "failing": false,
          "failureDetails": [],
          "failureMessages": [],
          "fullName": "UI/UX guideline checks (deep) CSS defines design tokens and focus ring variables",
          "invocations": 1,
          "location": null,
          "numPassingAsserts": 3,
          "retryReasons": [],
          "startAt": 1774481447934,
          "status": "passed",
          "title": "CSS defines design tokens and focus ring variables"
        },
        {
          "ancestorTitles": ["UI/UX guideline checks (deep)"],
          "duration": 0,
          "failing": false,
          "failureDetails": [],
          "failureMessages": [],
          "fullName": "UI/UX guideline checks (deep) CSS includes dark theme rules",
          "invocations": 1,
          "location": null,
          "numPassingAsserts": 1,
          "retryReasons": [],
          "startAt": 1774481447935,
          "status": "passed",
          "title": "CSS includes dark theme rules"
        },
        {
          "ancestorTitles": ["UI/UX guideline checks (deep)"],
          "duration": 0,
          "failing": false,
          "failureDetails": [],
          "failureMessages": [],
          "fullName": "UI/UX guideline checks (deep) CSS includes RTL rules for key components",
          "invocations": 1,
          "location": null,
          "numPassingAsserts": 4,
          "retryReasons": [],
          "startAt": 1774481447935,
          "status": "passed",
          "title": "CSS includes RTL rules for key components"
        },
        {
          "ancestorTitles": ["UI/UX guideline checks (deep)"],
          "duration": 1,
          "failing": false,
          "failureDetails": [],
          "failureMessages": [],
          "fullName": "UI/UX guideline checks (deep) CSS includes base responsive breakpoints",
          "invocations": 1,
          "location": null,
          "numPassingAsserts": 2,
          "retryReasons": [],
          "startAt": 1774481447935,
          "status": "passed",
          "title": "CSS includes base responsive breakpoints"
        },
        {
          "ancestorTitles": ["UI/UX guideline checks (deep)"],
          "duration": 1,
          "failing": false,
          "failureDetails": [
            {
              "matcherResult": {
                "message": "expect(received).toMatch(expected)\n\nExpected pattern: /max-width:\\s*320px/\nReceived string:  \"/* ═══════════════════════════════════════════════════════════\n   WHALE MARKETPLACE — Design System\n   ═══════════════════════════════════════════════════════════ */·\n/* ── TOKENS ── */\n:root {\n  --surface-0: #ffffff;\n  --surface-1: #f8f9fa;\n  --surface-2: #f0f2f5;\n  --surface-3: #e4e7ec;\n  --brand: #1472a3;\n  --brand-dark: #0f5a82;\n  --brand-light: #e8f4fc;\n  --brand-gradient: linear-gradient(135deg, #1472a3, #0f5a82);\n  --text-primary: #111827;\n  --text-secondary: #374151;\n  --text-muted: #6b7280;\n  --text-inverse: #ffffff;\n  --success: #16a34a;\n  --success-light: #dcfce7;\n  --warning: #d97706;\n  --warning-light: #fef3c7;\n  --danger: #dc2626;\n  --danger-light: #fee2e2;\n  --info: #2563eb;\n  --info-light: #dbeafe;\n  --border: #d1d5db;\n  --border-light: #e5e7eb;\n  --focus-ring: 0 0 0 3px rgba(20, 114, 163, 0.25);\n  --radius-sm: 6px;\n  --radius-md: 10px;\n  --radius-lg: 14px;\n  --radius-xl: 20px;\n  --radius-pill: 999px;\n  --shadow-xs: 0 1px 2px rgba(0,0,0,0.04);\n  --shadow-sm: 0 1px 3px rgba(0,0,0,0.06), 0 1px 2px rgba(0,0,0,0.04);\n  --shadow-md: 0 4px 12px rgba(0,0,0,0.08);\n  --shadow-lg: 0 8px 24px rgba(0,0,0,0.12);\n  --font-sans: 'Plus Jakarta Sans', system-ui, -apple-system, sans-serif;\n  --font-arabic: 'Tajawal', 'Arabic UI Text', system-ui, sans-serif;\n  --transition: 180ms ease;\n  --transition-slow: 300ms ease;\n}·\nhtml[data-theme=\\\"dark\\\"] {\n  --surface-0: #0f1117;\n  --surface-1: #171b26;\n  --surface-2: #1e2333;\n  --surface-3: #252b3b;\n  --text-primary: #f3f4f6;\n  --text-secondary: #d1d5db;\n  --text-muted: #9ca3af;\n  --border: #2d3348;\n  --border-light: #252b3b;\n  --shadow-sm: 0 1px 3px rgba(0,0,0,0.3);\n  --shadow-md: 0 4px 12px rgba(0,0,0,0.4);\n  --shadow-lg: 0 8px 24px rgba(0,0,0,0.5);\n  --success-light: #052e16;\n  --warning-light: #451a03;\n  --danger-light: #450a0a;\n  --info-light: #172554;\n}·\nhtml[dir=\\\"rtl\\\"] { --font-sans: var(--font-arabic); }·\n/* ── RESET ── */\n*, *::before, *::after { box-sizing: border-box; margin: 0; padding: 0; }\nhtml { font-family: var(--font-sans); font-size: 16px; line-height: 1.6; color: var(--text-primary); background: var(--surface-0); scroll-behavior: smooth; -webkit-font-smoothing: antialiased; }\nbody { min-height: 100vh; display: flex; flex-direction: column; background: var(--surface-1); }\na { color: var(--brand); text-decoration: none; transition: color var(--transition); }\na:hover { color: var(--brand-dark); }\nimg { max-width: 100%; display: block; }\nul, ol { list-style: none; }·\n/* ── LAYOUT ── */\n.container { width: 100%; max-width: 1200px; margin: 0 auto; padding: 0 1rem; }\n.main-content { flex: 1; padding: 2rem 0; }\n.page-header { margin-bottom: 2rem; }\n.page-header h1 { font-size: 1.75rem; font-weight: 700; }·\n/* ── NAVBAR ── */\n.navbar { position: sticky; top: 0; z-index: 100; background: var(--surface-0); border-bottom: 1px solid var(--border-light); box-shadow: var(--shadow-sm); padding: 0 1rem; }\n.navbar-inner { max-width: 1200px; margin: 0 auto; display: flex; align-items: center; justify-content: space-between; height: 64px; gap: 1rem; }\n.navbar-brand { display: flex; align-items: center; gap: 0.5rem; font-size: 1.25rem; font-weight: 700; color: var(--brand); white-space: nowrap; }\n.navbar-brand:hover { color: var(--brand-dark); }\n.navbar-nav { display: flex; align-items: center; gap: 0.25rem; }\n.nav-link { display: flex; align-items: center; gap: 0.375rem; padding: 0.5rem 0.75rem; border-radius: var(--radius-md); color: var(--text-secondary); font-size: 0.875rem; font-weight: 500; transition: all var(--transition); white-space: nowrap; }\n.nav-link:hover { color: var(--brand); background: var(--brand-light); }\n.nav-link.active { color: var(--brand); background: var(--brand-light); }\n.navbar-actions { display: flex; align-items: center; gap: 0.5rem; }\n.navbar-toggle { display: none; background: none; border: none; cursor: pointer; padding: 0.5rem; color: var(--text-primary); font-size: 1.5rem; }·\n/* ── ICON BUTTONS ── */\n.icon-btn { display: inline-flex; align-items: center; justify-content: center; width: 36px; height: 36px; border-radius: var(--radius-md); border: 1px solid var(--border-light); background: var(--surface-0); color: var(--text-secondary); cursor: pointer; transition: all var(--transition); position: relative; font-size: 1.1rem; }\n.icon-btn:hover { background: var(--surface-2); color: var(--brand); border-color: var(--brand); }\n.notification-count { position: absolute; top: -4px; right: -4px; background: var(--danger); color: white; font-size: 0.65rem; font-weight: 700; min-width: 16px; height: 16px; border-radius: var(--radius-pill); display: flex; align-items: center; justify-content: center; padding: 0 4px; }\n[dir=\\\"rtl\\\"] .notification-count { right: auto; left: -4px; }·\n/* ── USER MENU ── */\n.user-menu { position: relative; }\n.user-menu-trigger { display: flex; align-items: center; gap: 0.5rem; padding: 0.375rem; border-radius: var(--radius-pill); border: 1px solid var(--border-light); background: var(--surface-0); cursor: pointer; transition: all var(--transition); }\n.user-menu-trigger:hover { border-color: var(--brand); box-shadow: var(--shadow-sm); }\n.user-menu-dropdown { position: absolute; top: calc(100% + 8px); right: 0; min-width: 200px; background: var(--surface-0); border: 1px solid var(--border-light); border-radius: var(--radius-lg); box-shadow: var(--shadow-lg); padding: 0.5rem; display: none; z-index: 110; }\n[dir=\\\"rtl\\\"] .user-menu-dropdown { right: auto; left: 0; }\n.user-menu.open .user-menu-dropdown { display: block; animation: fadeIn 0.15s ease; }\n.user-menu-dropdown a { display: flex; align-items: center; gap: 0.5rem; padding: 0.625rem 0.75rem; border-radius: var(--radius-md); color: var(--text-secondary); font-size: 0.875rem; transition: all var(--transition); }\n.user-menu-dropdown a:hover { background: var(--surface-2); color: var(--text-primary); }\n.dropdown-divider { height: 1px; background: var(--border-light); margin: 0.375rem 0; }·\n/* ── BUTTONS ── */\n.btn { display: inline-flex; align-items: center; justify-content: center; gap: 0.5rem; padding: 0.625rem 1.25rem; border: 1px solid transparent; border-radius: var(--radius-md); font-family: inherit; font-size: 0.875rem; font-weight: 600; cursor: pointer; transition: all var(--transition); white-space: nowrap; text-decoration: none; line-height: 1.4; }\n.btn:focus-visible { outline: none; box-shadow: var(--focus-ring); }\n.btn:disabled { opacity: 0.5; cursor: not-allowed; }\n.btn-primary { background: var(--brand-gradient); color: var(--text-inverse); border-color: var(--brand); }\n.btn-primary:hover { filter: brightness(1.1); color: var(--text-inverse); transform: translateY(-1px); box-shadow: var(--shadow-md); }\n.btn-secondary { background: var(--surface-2); color: var(--text-primary); border-color: var(--border); }\n.btn-secondary:hover { background: var(--surface-3); }\n.btn-ghost { background: transparent; color: var(--brand); border-color: var(--brand); }\n.btn-ghost:hover { background: var(--brand-light); }\n.btn-danger { background: var(--danger); color: var(--text-inverse); border-color: var(--danger); }\n.btn-danger:hover { filter: brightness(1.1); color: var(--text-inverse); }\n.btn-success { background: var(--success); color: var(--text-inverse); }\n.btn-success:hover { filter: brightness(1.1); color: var(--text-inverse); }\n.btn-sm { padding: 0.375rem 0.75rem; font-size: 0.8125rem; }\n.btn-lg { padding: 0.875rem 1.75rem; font-size: 1rem; }\n.btn-block { width: 100%; }·\n/* ── CARDS ── */\n.card { background: var(--surface-0); border: 1px solid var(--border-light); border-radius: var(--radius-lg); box-shadow: var(--shadow-xs); overflow: hidden; transition: all var(--transition); }\n.card:hover { box-shadow: var(--shadow-md); }\n.card-body { padding: 1.25rem; }\n.card-header { padding: 1rem 1.25rem; border-bottom: 1px solid var(--border-light); font-weight: 600; }\n.card-footer { padding: 1rem 1.25rem; border-top: 1px solid var(--border-light); }·\n/* ── LISTING CARD ── */\n.listing-card { background: var(--surface-0); border: 1px solid var(--border-light); border-radius: var(--radius-lg); overflow: hidden; transition: all var(--transition); display: flex; flex-direction: column; }\n.listing-card:hover { box-shadow: var(--shadow-md); transform: translateY(-3px); border-color: var(--brand); }\n.listing-card-image { position: relative; aspect-ratio: 4/3; overflow: hidden; background: var(--surface-2); }\n.listing-card-image img { width: 100%; height: 100%; object-fit: cover; transition: transform var(--transition-slow); }\n.listing-card:hover .listing-card-image img { transform: scale(1.05); }\n.listing-card-badge { position: absolute; top: 0.75rem; left: 0.75rem; }\n[dir=\\\"rtl\\\"] .listing-card-badge { left: auto; right: 0.75rem; }\n.listing-card-save { position: absolute; top: 0.75rem; right: 0.75rem; background: var(--surface-0); border: none; width: 32px; height: 32px; border-radius: 50%; display: flex; align-items: center; justify-content: center; cursor: pointer; box-shadow: var(--shadow-sm); transition: all var(--transition); color: var(--text-muted); font-size: 1rem; }\n[dir=\\\"rtl\\\"] .listing-card-save { right: auto; left: 0.75rem; }\n.listing-card-save:hover, .listing-card-save.saved { color: var(--danger); }\n.listing-card-body { padding: 1rem; flex: 1; display: flex; flex-direction: column; gap: 0.5rem; }\n.listing-card-title { font-size: 0.9375rem; font-weight: 600; color: var(--text-primary); display: -webkit-box; -webkit-line-clamp: 2; -webkit-box-orient: vertical; overflow: hidden; }\n.listing-card-meta { display: flex; align-items: center; gap: 0.5rem; font-size: 0.8125rem; color: var(--text-muted); }\n.listing-card-price { font-size: 1.125rem; font-weight: 700; color: var(--brand); margin-top: auto; }·\n/* ── GRIDS ── */\n.grid-listings { display: grid; grid-template-columns: repeat(auto-fill, minmax(280px, 1fr)); gap: 1.25rem; }\n.grid-categories { display: grid; grid-template-columns: repeat(auto-fill, minmax(160px, 1fr)); gap: 1rem; }\n.grid-stats { display: grid; grid-template-columns: repeat(auto-fill, minmax(200px, 1fr)); gap: 1rem; }·\n/* ── CATEGORY CARD ── */\n.category-card { display: flex; flex-direction: column; align-items: center; gap: 0.75rem; padding: 1.5rem 1rem; background: var(--surface-0); border: 1px solid var(--border-light); border-radius: var(--radius-lg); text-align: center; transition: all var(--transition); cursor: pointer; }\n.category-card:hover { border-color: var(--brand); background: var(--brand-light); transform: translateY(-2px); box-shadow: var(--shadow-md); }\n.category-card-icon { font-size: 2rem; }\n.category-card-name { font-size: 0.875rem; font-weight: 600; color: var(--text-primary); }·\n/* ── FORMS ── */\n.form-group { display: flex; flex-direction: column; gap: 0.375rem; margin-bottom: 1rem; }\n.form-label { font-size: 0.875rem; font-weight: 600; color: var(--text-secondary); }\n.form-label .required { color: var(--danger); }\n.input, .textarea, .select { width: 100%; padding: 0.625rem 0.875rem; background: var(--surface-0); border: 1.5px solid var(--border); border-radius: var(--radius-md); font-family: inherit; font-size: 0.9375rem; color: var(--text-primary); transition: all var(--transition); }\n.input:focus, .textarea:focus, .select:focus { outline: none; border-color: var(--brand); box-shadow: var(--focus-ring); }\n.input::placeholder, .textarea::placeholder { color: var(--text-muted); }\n.textarea { min-height: 120px; resize: vertical; }\n.select { cursor: pointer; appearance: none; background-image: url(\\\"data:image/svg+xml,%3Csvg xmlns='http://www.w3.org/2000/svg' width='16' height='16' viewBox='0 0 24 24' fill='none' stroke='%236b7280' stroke-width='2'%3E%3Cpath d='M6 9l6 6 6-6'/%3E%3C/svg%3E\\\"); background-repeat: no-repeat; background-position: right 0.75rem center; padding-right: 2.5rem; }\n[dir=\\\"rtl\\\"] .select { background-position: left 0.75rem center; padding-right: 0.875rem; padding-left: 2.5rem; }\n.form-row { display: grid; grid-template-columns: 1fr 1fr; gap: 1rem; }\n.checkbox-label { display: flex; align-items: center; gap: 0.5rem; font-size: 0.875rem; color: var(--text-secondary); cursor: pointer; }\n.checkbox-label input[type=\\\"checkbox\\\"] { width: 18px; height: 18px; accent-color: var(--brand); }·\n/* ── BADGES ── */\n.badge { display: inline-flex; align-items: center; padding: 0.25rem 0.625rem; border-radius: var(--radius-pill); font-size: 0.75rem; font-weight: 600; line-height: 1.4; white-space: nowrap; }\n.badge-success { background: var(--success-light); color: var(--success); }\n.badge-warning { background: var(--warning-light); color: var(--warning); }\n.badge-danger { background: var(--danger-light); color: var(--danger); }\n.badge-info { background: var(--info-light); color: var(--info); }\n.badge-neutral { background: var(--surface-2); color: var(--text-muted); }·\n/* ── AVATAR ── */\n.avatar { width: 40px; height: 40px; border-radius: 50%; object-fit: cover; background: var(--brand-light); display: flex; align-items: center; justify-content: center; font-weight: 700; color: var(--brand); font-size: 1rem; flex-shrink: 0; overflow: hidden; }\n.avatar-sm { width: 28px; height: 28px; font-size: 0.75rem; }\n.avatar-lg { width: 56px; height: 56px; font-size: 1.25rem; }\n.avatar-xl { width: 80px; height: 80px; font-size: 1.75rem; }·\n/* ── HERO ── */\n.hero { background: var(--brand-gradient); color: var(--text-inverse); padding: 4rem 1rem; text-align: center; border-radius: var(--radius-xl); margin-bottom: 2rem; }\n.hero h1 { font-size: 2.25rem; font-weight: 800; margin-bottom: 0.75rem; }\n.hero p { font-size: 1.125rem; opacity: 0.9; max-width: 600px; margin: 0 auto 1.5rem; line-height: 1.8; }\n.hero-actions { display: flex; gap: 1rem; justify-content: center; flex-wrap: wrap; }\n.hero .btn { padding: 0.75rem 2rem; font-size: 1rem; }\n.hero .btn-primary { background: white; color: var(--brand); border-color: white; }\n.hero .btn-primary:hover { background: var(--surface-1); }\n.hero .btn-ghost { color: white; border-color: rgba(255,255,255,0.4); }\n.hero .btn-ghost:hover { background: rgba(255,255,255,0.15); color: white; }·\n/* ── FLASH ── */\n.flash { padding: 0.875rem 1.25rem; border-radius: var(--radius-md); margin-bottom: 1rem; font-size: 0.875rem; font-weight: 500; display: flex; align-items: center; gap: 0.5rem; animation: slideDown 0.3s ease; }\n.flash-success { background: var(--success-light); color: var(--success); border: 1px solid var(--success); }\n.flash-warning { background: var(--warning-light); color: var(--warning); border: 1px solid var(--warning); }\n.flash-danger { background: var(--danger-light); color: var(--danger); border: 1px solid var(--danger); }\n.flash-info { background: var(--info-light); color: var(--info); border: 1px solid var(--info); }·\n/* ── STAT CARD ── */\n.stat-card { background: var(--surface-0); border: 1px solid var(--border-light); border-radius: var(--radius-lg); padding: 1.25rem; text-align: center; }\n.stat-card-value { font-size: 1.75rem; font-weight: 800; color: var(--brand); margin-bottom: 0.25rem; }\n.stat-card-label { font-size: 0.8125rem; color: var(--text-muted); font-weight: 500; }·\n/* ── TIMELINE ── */\n.timeline { position: relative; padding: 0; }\n.timeline::before { content: ''; position: absolute; left: 12px; top: 0; bottom: 0; width: 2px; background: var(--border-light); }\n[dir=\\\"rtl\\\"] .timeline::before { left: auto; right: 12px; }\n.timeline-item { position: relative; padding: 0 0 1.5rem 2.5rem; }\n[dir=\\\"rtl\\\"] .timeline-item { padding: 0 2.5rem 1.5rem 0; }\n.timeline-dot { position: absolute; left: 5px; top: 2px; width: 16px; height: 16px; border-radius: 50%; background: var(--brand); border: 3px solid var(--brand-light); }\n[dir=\\\"rtl\\\"] .timeline-dot { left: auto; right: 5px; }\n.timeline-content { font-size: 0.875rem; }\n.timeline-date { font-size: 0.75rem; color: var(--text-muted); }·\n/* ── TRUST SECTION ── */\n.trust-grid { display: grid; grid-template-columns: repeat(auto-fit, minmax(240px, 1fr)); gap: 1.5rem; margin: 2rem 0; }\n.trust-card { text-align: center; padding: 2rem 1.5rem; background: var(--surface-0); border: 1px solid var(--border-light); border-radius: var(--radius-lg); transition: all var(--transition); }\n.trust-card:hover { transform: translateY(-3px); box-shadow: var(--shadow-md); }\n.trust-card-icon { font-size: 2.5rem; margin-bottom: 1rem; }\n.trust-card h3 { font-size: 1.125rem; margin-bottom: 0.5rem; }\n.trust-card p { font-size: 0.875rem; color: var(--text-muted); line-height: 1.6; }·\n/* ── BROWSE LAYOUT ── */\n.browse-layout { display: grid; grid-template-columns: 260px 1fr; gap: 2rem; align-items: start; }\n.filter-sidebar { position: sticky; top: 80px; background: var(--surface-0); border: 1px solid var(--border-light); border-radius: var(--radius-lg); padding: 1.25rem; }\n.filter-sidebar h3 { font-size: 1rem; margin-bottom: 1rem; }·\n/* ── SELLER INFO ── */\n.seller-info { display: flex; align-items: center; gap: 0.75rem; padding: 1rem; background: var(--surface-1); border-radius: var(--radius-lg); margin-bottom: 1rem; }\n.seller-info-details { flex: 1; }\n.seller-info-name { font-weight: 600; }\n.seller-info-meta { font-size: 0.8125rem; color: var(--text-muted); }·\n/* ── STARS ── */\n.stars { display: inline-flex; gap: 2px; color: #fbbf24; font-size: 0.875rem; }\n.stars .empty { color: var(--border); }·\n/* ── IMAGE GALLERY ── */\n.gallery { display: flex; flex-direction: column; gap: 0.75rem; }\n.gallery-main { aspect-ratio: 4/3; border-radius: var(--radius-lg); overflow: hidden; background: var(--surface-2); }\n.gallery-main img { width: 100%; height: 100%; object-fit: cover; }\n.gallery-thumbs { display: flex; gap: 0.5rem; overflow-x: auto; }\n.gallery-thumb { width: 72px; height: 54px; border-radius: var(--radius-sm); overflow: hidden; cursor: pointer; border: 2px solid transparent; opacity: 0.7; transition: all var(--transition); flex-shrink: 0; }\n.gallery-thumb.active, .gallery-thumb:hover { border-color: var(--brand); opacity: 1; }\n.gallery-thumb img { width: 100%; height: 100%; object-fit: cover; }·\n/* ── TABS ── */\n.tabs { display: flex; gap: 0; border-bottom: 2px solid var(--border-light); margin-bottom: 1.5rem; }\n.tab { padding: 0.75rem 1.25rem; font-size: 0.875rem; font-weight: 600; color: var(--text-muted); cursor: pointer; border: none; border-bottom: 2px solid transparent; margin-bottom: -2px; transition: all var(--transition); background: none; font-family: inherit; }\n.tab:hover { color: var(--text-primary); }\n.tab.active { color: var(--brand); border-bottom-color: var(--brand); }·\n/* ── TABLE ── */\n.table-wrap { overflow-x: auto; border: 1px solid var(--border-light); border-radius: var(--radius-lg); }\ntable { width: 100%; border-collapse: collapse; }\nth, td { padding: 0.75rem 1rem; text-align: start; font-size: 0.875rem; }\nth { background: var(--surface-1); font-weight: 600; color: var(--text-secondary); border-bottom: 1px solid var(--border-light); }\ntd { border-bottom: 1px solid var(--border-light); }\ntr:last-child td { border-bottom: none; }\ntr:hover td { background: var(--surface-1); }·\n/* ── SKELETON ── */\n.skeleton { background: linear-gradient(90deg, var(--surface-2) 25%, var(--surface-3) 50%, var(--surface-2) 75%); background-size: 200% 100%; animation: shimmer 1.5s infinite; border-radius: var(--radius-md); }·\n/* ── FOOTER ── */\n.footer { background: var(--surface-0); border-top: 1px solid var(--border-light); padding: 2rem 1rem; margin-top: auto; }\n.footer-inner { max-width: 1200px; margin: 0 auto; display: flex; justify-content: space-between; align-items: center; flex-wrap: wrap; gap: 1rem; }\n.footer-links { display: flex; gap: 1.5rem; }\n.footer-links a { font-size: 0.875rem; color: var(--text-muted); }\n.footer-links a:hover { color: var(--brand); }\n.footer-copy { font-size: 0.8125rem; color: var(--text-muted); }·\n/* ── CTA BANNER ── */\n.cta-banner { background: var(--brand-gradient); color: var(--text-inverse); text-align: center; padding: 3rem 1.5rem; border-radius: var(--radius-xl); margin: 3rem 0; }\n.cta-banner h2 { font-size: 1.75rem; margin-bottom: 0.5rem; }\n.cta-banner p { opacity: 0.9; margin-bottom: 1.5rem; }·\n/* ── SECTIONS ── */\n.section { margin-bottom: 3rem; }\n.section-title { font-size: 1.375rem; font-weight: 700; margin-bottom: 1.25rem; }·\n/* ── AUTH ── */\n.auth-container { max-width: 420px; margin: 2rem auto; }\n.auth-card { background: var(--surface-0); border: 1px solid var(--border-light); border-radius: var(--radius-xl); padding: 2rem; box-shadow: var(--shadow-md); }\n.auth-card h1 { text-align: center; font-size: 1.5rem; margin-bottom: 0.5rem; }\n.auth-card .subtitle { text-align: center; color: var(--text-muted); margin-bottom: 1.5rem; font-size: 0.875rem; }\n.divider { display: flex; align-items: center; gap: 1rem; margin: 1.5rem 0; color: var(--text-muted); font-size: 0.8125rem; }\n.divider::before, .divider::after { content: ''; flex: 1; height: 1px; background: var(--border); }\n.auth-footer { text-align: center; margin-top: 1.5rem; font-size: 0.875rem; color: var(--text-muted); }·\n/* ── EMPTY STATE ── */\n.empty-state { text-align: center; padding: 3rem 1rem; color: var(--text-muted); }\n.empty-state-icon { font-size: 3rem; margin-bottom: 1rem; }\n.empty-state h3 { font-size: 1.125rem; color: var(--text-secondary); margin-bottom: 0.5rem; }\n.empty-state p { font-size: 0.875rem; margin-bottom: 1.5rem; }·\n/* ── LISTING DETAIL ── */\n.listing-detail { display: grid; grid-template-columns: 1fr 1fr; gap: 2rem; align-items: start; }\n.listing-detail-info h1 { font-size: 1.5rem; margin-bottom: 0.75rem; }\n.listing-detail-price { font-size: 1.75rem; font-weight: 800; color: var(--brand); margin-bottom: 1rem; }\n.listing-detail-actions { display: flex; gap: 0.75rem; flex-wrap: wrap; margin: 1.5rem 0; }·\n/* ── REVIEW CARD ── */\n.review-card { padding: 1rem; border-bottom: 1px solid var(--border-light); }\n.review-card:last-child { border-bottom: none; }\n.review-header { display: flex; align-items: center; gap: 0.75rem; margin-bottom: 0.5rem; }\n.review-body { font-size: 0.875rem; color: var(--text-secondary); line-height: 1.6; }·\n/* ── MARKDOWN CONTENT ── */\n.prose h1 { font-size: 1.75rem; margin-bottom: 1rem; }\n.prose h2 { font-size: 1.375rem; margin: 1.5rem 0 0.75rem; }\n.prose h3 { font-size: 1.125rem; margin: 1.25rem 0 0.5rem; }\n.prose p { margin-bottom: 0.75rem; line-height: 1.8; }\n.prose ul, .prose ol { margin: 0.5rem 0 0.75rem 1.5rem; }\n.prose li { margin-bottom: 0.375rem; }\n.prose strong { font-weight: 600; }·\n/* ── ANIMATIONS ── */\n@keyframes fadeIn { from { opacity: 0; transform: translateY(-4px); } to { opacity: 1; transform: translateY(0); } }\n@keyframes slideDown { from { opacity: 0; transform: translateY(-10px); } to { opacity: 1; transform: translateY(0); } }\n@keyframes shimmer { 0% { background-position: 200% 0; } 100% { background-position: -200% 0; } }·\n/* ── RESPONSIVE ── */\n@media (max-width: 768px) {\n  .navbar-nav { display: none; }\n  .navbar-toggle { display: flex; }\n  .navbar-nav.open { display: flex; flex-direction: column; position: absolute; top: 64px; left: 0; right: 0; background: var(--surface-0); border-bottom: 1px solid var(--border-light); padding: 1rem; box-shadow: var(--shadow-lg); z-index: 99; }\n  .hero h1 { font-size: 1.5rem; }\n  .hero p { font-size: 0.9375rem; }\n  .browse-layout { grid-template-columns: 1fr; }\n  .filter-sidebar { position: static; }\n  .listing-detail { grid-template-columns: 1fr; }\n  .grid-listings { grid-template-columns: repeat(auto-fill, minmax(240px, 1fr)); }\n  .form-row { grid-template-columns: 1fr; }\n  .footer-inner { flex-direction: column; text-align: center; }\n}·\n@media (max-width: 480px) {\n  .grid-listings { grid-template-columns: 1fr; }\n  .grid-categories { grid-template-columns: repeat(2, 1fr); }\n  .hero { padding: 2.5rem 1rem; }\n  .auth-card { padding: 1.5rem; }\n}·\n/* ── UTILITIES ── */\n.text-center { text-align: center; }\n.text-muted { color: var(--text-muted); }\n.text-brand { color: var(--brand); }\n.text-sm { font-size: 0.8125rem; }\n.mt-1 { margin-top: 0.5rem; }\n.mt-2 { margin-top: 1rem; }\n.mt-3 { margin-top: 1.5rem; }\n.mb-1 { margin-bottom: 0.5rem; }\n.mb-2 { margin-bottom: 1rem; }\n.mb-3 { margin-bottom: 1.5rem; }\n.flex { display: flex; }\n.flex-wrap { flex-wrap: wrap; }\n.items-center { align-items: center; }\n.justify-between { justify-content: space-between; }\n.gap-1 { gap: 0.5rem; }\n.gap-2 { gap: 1rem; }\n.hidden { display: none; }\n.w-full { width: 100%; }\n\"",
                "pass": false
              }
            }
          ],
          "failureMessages": [
            "Error: expect(received).toMatch(expected)\n\nExpected pattern: /max-width:\\s*320px/\nReceived string:  \"/* ═══════════════════════════════════════════════════════════\n   WHALE MARKETPLACE — Design System\n   ═══════════════════════════════════════════════════════════ */·\n/* ── TOKENS ── */\n:root {\n  --surface-0: #ffffff;\n  --surface-1: #f8f9fa;\n  --surface-2: #f0f2f5;\n  --surface-3: #e4e7ec;\n  --brand: #1472a3;\n  --brand-dark: #0f5a82;\n  --brand-light: #e8f4fc;\n  --brand-gradient: linear-gradient(135deg, #1472a3, #0f5a82);\n  --text-primary: #111827;\n  --text-secondary: #374151;\n  --text-muted: #6b7280;\n  --text-inverse: #ffffff;\n  --success: #16a34a;\n  --success-light: #dcfce7;\n  --warning: #d97706;\n  --warning-light: #fef3c7;\n  --danger: #dc2626;\n  --danger-light: #fee2e2;\n  --info: #2563eb;\n  --info-light: #dbeafe;\n  --border: #d1d5db;\n  --border-light: #e5e7eb;\n  --focus-ring: 0 0 0 3px rgba(20, 114, 163, 0.25);\n  --radius-sm: 6px;\n  --radius-md: 10px;\n  --radius-lg: 14px;\n  --radius-xl: 20px;\n  --radius-pill: 999px;\n  --shadow-xs: 0 1px 2px rgba(0,0,0,0.04);\n  --shadow-sm: 0 1px 3px rgba(0,0,0,0.06), 0 1px 2px rgba(0,0,0,0.04);\n  --shadow-md: 0 4px 12px rgba(0,0,0,0.08);\n  --shadow-lg: 0 8px 24px rgba(0,0,0,0.12);\n  --font-sans: 'Plus Jakarta Sans', system-ui, -apple-system, sans-serif;\n  --font-arabic: 'Tajawal', 'Arabic UI Text', system-ui, sans-serif;\n  --transition: 180ms ease;\n  --transition-slow: 300ms ease;\n}·\nhtml[data-theme=\\\"dark\\\"] {\n  --surface-0: #0f1117;\n  --surface-1: #171b26;\n  --surface-2: #1e2333;\n  --surface-3: #252b3b;\n  --text-primary: #f3f4f6;\n  --text-secondary: #d1d5db;\n  --text-muted: #9ca3af;\n  --border: #2d3348;\n  --border-light: #252b3b;\n  --shadow-sm: 0 1px 3px rgba(0,0,0,0.3);\n  --shadow-md: 0 4px 12px rgba(0,0,0,0.4);\n  --shadow-lg: 0 8px 24px rgba(0,0,0,0.5);\n  --success-light: #052e16;\n  --warning-light: #451a03;\n  --danger-light: #450a0a;\n  --info-light: #172554;\n}·\nhtml[dir=\\\"rtl\\\"] { --font-sans: var(--font-arabic); }·\n/* ── RESET ── */\n*, *::before, *::after { box-sizing: border-box; margin: 0; padding: 0; }\nhtml { font-family: var(--font-sans); font-size: 16px; line-height: 1.6; color: var(--text-primary); background: var(--surface-0); scroll-behavior: smooth; -webkit-font-smoothing: antialiased; }\nbody { min-height: 100vh; display: flex; flex-direction: column; background: var(--surface-1); }\na { color: var(--brand); text-decoration: none; transition: color var(--transition); }\na:hover { color: var(--brand-dark); }\nimg { max-width: 100%; display: block; }\nul, ol { list-style: none; }·\n/* ── LAYOUT ── */\n.container { width: 100%; max-width: 1200px; margin: 0 auto; padding: 0 1rem; }\n.main-content { flex: 1; padding: 2rem 0; }\n.page-header { margin-bottom: 2rem; }\n.page-header h1 { font-size: 1.75rem; font-weight: 700; }·\n/* ── NAVBAR ── */\n.navbar { position: sticky; top: 0; z-index: 100; background: var(--surface-0); border-bottom: 1px solid var(--border-light); box-shadow: var(--shadow-sm); padding: 0 1rem; }\n.navbar-inner { max-width: 1200px; margin: 0 auto; display: flex; align-items: center; justify-content: space-between; height: 64px; gap: 1rem; }\n.navbar-brand { display: flex; align-items: center; gap: 0.5rem; font-size: 1.25rem; font-weight: 700; color: var(--brand); white-space: nowrap; }\n.navbar-brand:hover { color: var(--brand-dark); }\n.navbar-nav { display: flex; align-items: center; gap: 0.25rem; }\n.nav-link { display: flex; align-items: center; gap: 0.375rem; padding: 0.5rem 0.75rem; border-radius: var(--radius-md); color: var(--text-secondary); font-size: 0.875rem; font-weight: 500; transition: all var(--transition); white-space: nowrap; }\n.nav-link:hover { color: var(--brand); background: var(--brand-light); }\n.nav-link.active { color: var(--brand); background: var(--brand-light); }\n.navbar-actions { display: flex; align-items: center; gap: 0.5rem; }\n.navbar-toggle { display: none; background: none; border: none; cursor: pointer; padding: 0.5rem; color: var(--text-primary); font-size: 1.5rem; }·\n/* ── ICON BUTTONS ── */\n.icon-btn { display: inline-flex; align-items: center; justify-content: center; width: 36px; height: 36px; border-radius: var(--radius-md); border: 1px solid var(--border-light); background: var(--surface-0); color: var(--text-secondary); cursor: pointer; transition: all var(--transition); position: relative; font-size: 1.1rem; }\n.icon-btn:hover { background: var(--surface-2); color: var(--brand); border-color: var(--brand); }\n.notification-count { position: absolute; top: -4px; right: -4px; background: var(--danger); color: white; font-size: 0.65rem; font-weight: 700; min-width: 16px; height: 16px; border-radius: var(--radius-pill); display: flex; align-items: center; justify-content: center; padding: 0 4px; }\n[dir=\\\"rtl\\\"] .notification-count { right: auto; left: -4px; }·\n/* ── USER MENU ── */\n.user-menu { position: relative; }\n.user-menu-trigger { display: flex; align-items: center; gap: 0.5rem; padding: 0.375rem; border-radius: var(--radius-pill); border: 1px solid var(--border-light); background: var(--surface-0); cursor: pointer; transition: all var(--transition); }\n.user-menu-trigger:hover { border-color: var(--brand); box-shadow: var(--shadow-sm); }\n.user-menu-dropdown { position: absolute; top: calc(100% + 8px); right: 0; min-width: 200px; background: var(--surface-0); border: 1px solid var(--border-light); border-radius: var(--radius-lg); box-shadow: var(--shadow-lg); padding: 0.5rem; display: none; z-index: 110; }\n[dir=\\\"rtl\\\"] .user-menu-dropdown { right: auto; left: 0; }\n.user-menu.open .user-menu-dropdown { display: block; animation: fadeIn 0.15s ease; }\n.user-menu-dropdown a { display: flex; align-items: center; gap: 0.5rem; padding: 0.625rem 0.75rem; border-radius: var(--radius-md); color: var(--text-secondary); font-size: 0.875rem; transition: all var(--transition); }\n.user-menu-dropdown a:hover { background: var(--surface-2); color: var(--text-primary); }\n.dropdown-divider { height: 1px; background: var(--border-light); margin: 0.375rem 0; }·\n/* ── BUTTONS ── */\n.btn { display: inline-flex; align-items: center; justify-content: center; gap: 0.5rem; padding: 0.625rem 1.25rem; border: 1px solid transparent; border-radius: var(--radius-md); font-family: inherit; font-size: 0.875rem; font-weight: 600; cursor: pointer; transition: all var(--transition); white-space: nowrap; text-decoration: none; line-height: 1.4; }\n.btn:focus-visible { outline: none; box-shadow: var(--focus-ring); }\n.btn:disabled { opacity: 0.5; cursor: not-allowed; }\n.btn-primary { background: var(--brand-gradient); color: var(--text-inverse); border-color: var(--brand); }\n.btn-primary:hover { filter: brightness(1.1); color: var(--text-inverse); transform: translateY(-1px); box-shadow: var(--shadow-md); }\n.btn-secondary { background: var(--surface-2); color: var(--text-primary); border-color: var(--border); }\n.btn-secondary:hover { background: var(--surface-3); }\n.btn-ghost { background: transparent; color: var(--brand); border-color: var(--brand); }\n.btn-ghost:hover { background: var(--brand-light); }\n.btn-danger { background: var(--danger); color: var(--text-inverse); border-color: var(--danger); }\n.btn-danger:hover { filter: brightness(1.1); color: var(--text-inverse); }\n.btn-success { background: var(--success); color: var(--text-inverse); }\n.btn-success:hover { filter: brightness(1.1); color: var(--text-inverse); }\n.btn-sm { padding: 0.375rem 0.75rem; font-size: 0.8125rem; }\n.btn-lg { padding: 0.875rem 1.75rem; font-size: 1rem; }\n.btn-block { width: 100%; }·\n/* ── CARDS ── */\n.card { background: var(--surface-0); border: 1px solid var(--border-light); border-radius: var(--radius-lg); box-shadow: var(--shadow-xs); overflow: hidden; transition: all var(--transition); }\n.card:hover { box-shadow: var(--shadow-md); }\n.card-body { padding: 1.25rem; }\n.card-header { padding: 1rem 1.25rem; border-bottom: 1px solid var(--border-light); font-weight: 600; }\n.card-footer { padding: 1rem 1.25rem; border-top: 1px solid var(--border-light); }·\n/* ── LISTING CARD ── */\n.listing-card { background: var(--surface-0); border: 1px solid var(--border-light); border-radius: var(--radius-lg); overflow: hidden; transition: all var(--transition); display: flex; flex-direction: column; }\n.listing-card:hover { box-shadow: var(--shadow-md); transform: translateY(-3px); border-color: var(--brand); }\n.listing-card-image { position: relative; aspect-ratio: 4/3; overflow: hidden; background: var(--surface-2); }\n.listing-card-image img { width: 100%; height: 100%; object-fit: cover; transition: transform var(--transition-slow); }\n.listing-card:hover .listing-card-image img { transform: scale(1.05); }\n.listing-card-badge { position: absolute; top: 0.75rem; left: 0.75rem; }\n[dir=\\\"rtl\\\"] .listing-card-badge { left: auto; right: 0.75rem; }\n.listing-card-save { position: absolute; top: 0.75rem; right: 0.75rem; background: var(--surface-0); border: none; width: 32px; height: 32px; border-radius: 50%; display: flex; align-items: center; justify-content: center; cursor: pointer; box-shadow: var(--shadow-sm); transition: all var(--transition); color: var(--text-muted); font-size: 1rem; }\n[dir=\\\"rtl\\\"] .listing-card-save { right: auto; left: 0.75rem; }\n.listing-card-save:hover, .listing-card-save.saved { color: var(--danger); }\n.listing-card-body { padding: 1rem; flex: 1; display: flex; flex-direction: column; gap: 0.5rem; }\n.listing-card-title { font-size: 0.9375rem; font-weight: 600; color: var(--text-primary); display: -webkit-box; -webkit-line-clamp: 2; -webkit-box-orient: vertical; overflow: hidden; }\n.listing-card-meta { display: flex; align-items: center; gap: 0.5rem; font-size: 0.8125rem; color: var(--text-muted); }\n.listing-card-price { font-size: 1.125rem; font-weight: 700; color: var(--brand); margin-top: auto; }·\n/* ── GRIDS ── */\n.grid-listings { display: grid; grid-template-columns: repeat(auto-fill, minmax(280px, 1fr)); gap: 1.25rem; }\n.grid-categories { display: grid; grid-template-columns: repeat(auto-fill, minmax(160px, 1fr)); gap: 1rem; }\n.grid-stats { display: grid; grid-template-columns: repeat(auto-fill, minmax(200px, 1fr)); gap: 1rem; }·\n/* ── CATEGORY CARD ── */\n.category-card { display: flex; flex-direction: column; align-items: center; gap: 0.75rem; padding: 1.5rem 1rem; background: var(--surface-0); border: 1px solid var(--border-light); border-radius: var(--radius-lg); text-align: center; transition: all var(--transition); cursor: pointer; }\n.category-card:hover { border-color: var(--brand); background: var(--brand-light); transform: translateY(-2px); box-shadow: var(--shadow-md); }\n.category-card-icon { font-size: 2rem; }\n.category-card-name { font-size: 0.875rem; font-weight: 600; color: var(--text-primary); }·\n/* ── FORMS ── */\n.form-group { display: flex; flex-direction: column; gap: 0.375rem; margin-bottom: 1rem; }\n.form-label { font-size: 0.875rem; font-weight: 600; color: var(--text-secondary); }\n.form-label .required { color: var(--danger); }\n.input, .textarea, .select { width: 100%; padding: 0.625rem 0.875rem; background: var(--surface-0); border: 1.5px solid var(--border); border-radius: var(--radius-md); font-family: inherit; font-size: 0.9375rem; color: var(--text-primary); transition: all var(--transition); }\n.input:focus, .textarea:focus, .select:focus { outline: none; border-color: var(--brand); box-shadow: var(--focus-ring); }\n.input::placeholder, .textarea::placeholder { color: var(--text-muted); }\n.textarea { min-height: 120px; resize: vertical; }\n.select { cursor: pointer; appearance: none; background-image: url(\\\"data:image/svg+xml,%3Csvg xmlns='http://www.w3.org/2000/svg' width='16' height='16' viewBox='0 0 24 24' fill='none' stroke='%236b7280' stroke-width='2'%3E%3Cpath d='M6 9l6 6 6-6'/%3E%3C/svg%3E\\\"); background-repeat: no-repeat; background-position: right 0.75rem center; padding-right: 2.5rem; }\n[dir=\\\"rtl\\\"] .select { background-position: left 0.75rem center; padding-right: 0.875rem; padding-left: 2.5rem; }\n.form-row { display: grid; grid-template-columns: 1fr 1fr; gap: 1rem; }\n.checkbox-label { display: flex; align-items: center; gap: 0.5rem; font-size: 0.875rem; color: var(--text-secondary); cursor: pointer; }\n.checkbox-label input[type=\\\"checkbox\\\"] { width: 18px; height: 18px; accent-color: var(--brand); }·\n/* ── BADGES ── */\n.badge { display: inline-flex; align-items: center; padding: 0.25rem 0.625rem; border-radius: var(--radius-pill); font-size: 0.75rem; font-weight: 600; line-height: 1.4; white-space: nowrap; }\n.badge-success { background: var(--success-light); color: var(--success); }\n.badge-warning { background: var(--warning-light); color: var(--warning); }\n.badge-danger { background: var(--danger-light); color: var(--danger); }\n.badge-info { background: var(--info-light); color: var(--info); }\n.badge-neutral { background: var(--surface-2); color: var(--text-muted); }·\n/* ── AVATAR ── */\n.avatar { width: 40px; height: 40px; border-radius: 50%; object-fit: cover; background: var(--brand-light); display: flex; align-items: center; justify-content: center; font-weight: 700; color: var(--brand); font-size: 1rem; flex-shrink: 0; overflow: hidden; }\n.avatar-sm { width: 28px; height: 28px; font-size: 0.75rem; }\n.avatar-lg { width: 56px; height: 56px; font-size: 1.25rem; }\n.avatar-xl { width: 80px; height: 80px; font-size: 1.75rem; }·\n/* ── HERO ── */\n.hero { background: var(--brand-gradient); color: var(--text-inverse); padding: 4rem 1rem; text-align: center; border-radius: var(--radius-xl); margin-bottom: 2rem; }\n.hero h1 { font-size: 2.25rem; font-weight: 800; margin-bottom: 0.75rem; }\n.hero p { font-size: 1.125rem; opacity: 0.9; max-width: 600px; margin: 0 auto 1.5rem; line-height: 1.8; }\n.hero-actions { display: flex; gap: 1rem; justify-content: center; flex-wrap: wrap; }\n.hero .btn { padding: 0.75rem 2rem; font-size: 1rem; }\n.hero .btn-primary { background: white; color: var(--brand); border-color: white; }\n.hero .btn-primary:hover { background: var(--surface-1); }\n.hero .btn-ghost { color: white; border-color: rgba(255,255,255,0.4); }\n.hero .btn-ghost:hover { background: rgba(255,255,255,0.15); color: white; }·\n/* ── FLASH ── */\n.flash { padding: 0.875rem 1.25rem; border-radius: var(--radius-md); margin-bottom: 1rem; font-size: 0.875rem; font-weight: 500; display: flex; align-items: center; gap: 0.5rem; animation: slideDown 0.3s ease; }\n.flash-success { background: var(--success-light); color: var(--success); border: 1px solid var(--success); }\n.flash-warning { background: var(--warning-light); color: var(--warning); border: 1px solid var(--warning); }\n.flash-danger { background: var(--danger-light); color: var(--danger); border: 1px solid var(--danger); }\n.flash-info { background: var(--info-light); color: var(--info); border: 1px solid var(--info); }·\n/* ── STAT CARD ── */\n.stat-card { background: var(--surface-0); border: 1px solid var(--border-light); border-radius: var(--radius-lg); padding: 1.25rem; text-align: center; }\n.stat-card-value { font-size: 1.75rem; font-weight: 800; color: var(--brand); margin-bottom: 0.25rem; }\n.stat-card-label { font-size: 0.8125rem; color: var(--text-muted); font-weight: 500; }·\n/* ── TIMELINE ── */\n.timeline { position: relative; padding: 0; }\n.timeline::before { content: ''; position: absolute; left: 12px; top: 0; bottom: 0; width: 2px; background: var(--border-light); }\n[dir=\\\"rtl\\\"] .timeline::before { left: auto; right: 12px; }\n.timeline-item { position: relative; padding: 0 0 1.5rem 2.5rem; }\n[dir=\\\"rtl\\\"] .timeline-item { padding: 0 2.5rem 1.5rem 0; }\n.timeline-dot { position: absolute; left: 5px; top: 2px; width: 16px; height: 16px; border-radius: 50%; background: var(--brand); border: 3px solid var(--brand-light); }\n[dir=\\\"rtl\\\"] .timeline-dot { left: auto; right: 5px; }\n.timeline-content { font-size: 0.875rem; }\n.timeline-date { font-size: 0.75rem; color: var(--text-muted); }·\n/* ── TRUST SECTION ── */\n.trust-grid { display: grid; grid-template-columns: repeat(auto-fit, minmax(240px, 1fr)); gap: 1.5rem; margin: 2rem 0; }\n.trust-card { text-align: center; padding: 2rem 1.5rem; background: var(--surface-0); border: 1px solid var(--border-light); border-radius: var(--radius-lg); transition: all var(--transition); }\n.trust-card:hover { transform: translateY(-3px); box-shadow: var(--shadow-md); }\n.trust-card-icon { font-size: 2.5rem; margin-bottom: 1rem; }\n.trust-card h3 { font-size: 1.125rem; margin-bottom: 0.5rem; }\n.trust-card p { font-size: 0.875rem; color: var(--text-muted); line-height: 1.6; }·\n/* ── BROWSE LAYOUT ── */\n.browse-layout { display: grid; grid-template-columns: 260px 1fr; gap: 2rem; align-items: start; }\n.filter-sidebar { position: sticky; top: 80px; background: var(--surface-0); border: 1px solid var(--border-light); border-radius: var(--radius-lg); padding: 1.25rem; }\n.filter-sidebar h3 { font-size: 1rem; margin-bottom: 1rem; }·\n/* ── SELLER INFO ── */\n.seller-info { display: flex; align-items: center; gap: 0.75rem; padding: 1rem; background: var(--surface-1); border-radius: var(--radius-lg); margin-bottom: 1rem; }\n.seller-info-details { flex: 1; }\n.seller-info-name { font-weight: 600; }\n.seller-info-meta { font-size: 0.8125rem; color: var(--text-muted); }·\n/* ── STARS ── */\n.stars { display: inline-flex; gap: 2px; color: #fbbf24; font-size: 0.875rem; }\n.stars .empty { color: var(--border); }·\n/* ── IMAGE GALLERY ── */\n.gallery { display: flex; flex-direction: column; gap: 0.75rem; }\n.gallery-main { aspect-ratio: 4/3; border-radius: var(--radius-lg); overflow: hidden; background: var(--surface-2); }\n.gallery-main img { width: 100%; height: 100%; object-fit: cover; }\n.gallery-thumbs { display: flex; gap: 0.5rem; overflow-x: auto; }\n.gallery-thumb { width: 72px; height: 54px; border-radius: var(--radius-sm); overflow: hidden; cursor: pointer; border: 2px solid transparent; opacity: 0.7; transition: all var(--transition); flex-shrink: 0; }\n.gallery-thumb.active, .gallery-thumb:hover { border-color: var(--brand); opacity: 1; }\n.gallery-thumb img { width: 100%; height: 100%; object-fit: cover; }·\n/* ── TABS ── */\n.tabs { display: flex; gap: 0; border-bottom: 2px solid var(--border-light); margin-bottom: 1.5rem; }\n.tab { padding: 0.75rem 1.25rem; font-size: 0.875rem; font-weight: 600; color: var(--text-muted); cursor: pointer; border: none; border-bottom: 2px solid transparent; margin-bottom: -2px; transition: all var(--transition); background: none; font-family: inherit; }\n.tab:hover { color: var(--text-primary); }\n.tab.active { color: var(--brand); border-bottom-color: var(--brand); }·\n/* ── TABLE ── */\n.table-wrap { overflow-x: auto; border: 1px solid var(--border-light); border-radius: var(--radius-lg); }\ntable { width: 100%; border-collapse: collapse; }\nth, td { padding: 0.75rem 1rem; text-align: start; font-size: 0.875rem; }\nth { background: var(--surface-1); font-weight: 600; color: var(--text-secondary); border-bottom: 1px solid var(--border-light); }\ntd { border-bottom: 1px solid var(--border-light); }\ntr:last-child td { border-bottom: none; }\ntr:hover td { background: var(--surface-1); }·\n/* ── SKELETON ── */\n.skeleton { background: linear-gradient(90deg, var(--surface-2) 25%, var(--surface-3) 50%, var(--surface-2) 75%); background-size: 200% 100%; animation: shimmer 1.5s infinite; border-radius: var(--radius-md); }·\n/* ── FOOTER ── */\n.footer { background: var(--surface-0); border-top: 1px solid var(--border-light); padding: 2rem 1rem; margin-top: auto; }\n.footer-inner { max-width: 1200px; margin: 0 auto; display: flex; justify-content: space-between; align-items: center; flex-wrap: wrap; gap: 1rem; }\n.footer-links { display: flex; gap: 1.5rem; }\n.footer-links a { font-size: 0.875rem; color: var(--text-muted); }\n.footer-links a:hover { color: var(--brand); }\n.footer-copy { font-size: 0.8125rem; color: var(--text-muted); }·\n/* ── CTA BANNER ── */\n.cta-banner { background: var(--brand-gradient); color: var(--text-inverse); text-align: center; padding: 3rem 1.5rem; border-radius: var(--radius-xl); margin: 3rem 0; }\n.cta-banner h2 { font-size: 1.75rem; margin-bottom: 0.5rem; }\n.cta-banner p { opacity: 0.9; margin-bottom: 1.5rem; }·\n/* ── SECTIONS ── */\n.section { margin-bottom: 3rem; }\n.section-title { font-size: 1.375rem; font-weight: 700; margin-bottom: 1.25rem; }·\n/* ── AUTH ── */\n.auth-container { max-width: 420px; margin: 2rem auto; }\n.auth-card { background: var(--surface-0); border: 1px solid var(--border-light); border-radius: var(--radius-xl); padding: 2rem; box-shadow: var(--shadow-md); }\n.auth-card h1 { text-align: center; font-size: 1.5rem; margin-bottom: 0.5rem; }\n.auth-card .subtitle { text-align: center; color: var(--text-muted); margin-bottom: 1.5rem; font-size: 0.875rem; }\n.divider { display: flex; align-items: center; gap: 1rem; margin: 1.5rem 0; color: var(--text-muted); font-size: 0.8125rem; }\n.divider::before, .divider::after { content: ''; flex: 1; height: 1px; background: var(--border); }\n.auth-footer { text-align: center; margin-top: 1.5rem; font-size: 0.875rem; color: var(--text-muted); }·\n/* ── EMPTY STATE ── */\n.empty-state { text-align: center; padding: 3rem 1rem; color: var(--text-muted); }\n.empty-state-icon { font-size: 3rem; margin-bottom: 1rem; }\n.empty-state h3 { font-size: 1.125rem; color: var(--text-secondary); margin-bottom: 0.5rem; }\n.empty-state p { font-size: 0.875rem; margin-bottom: 1.5rem; }·\n/* ── LISTING DETAIL ── */\n.listing-detail { display: grid; grid-template-columns: 1fr 1fr; gap: 2rem; align-items: start; }\n.listing-detail-info h1 { font-size: 1.5rem; margin-bottom: 0.75rem; }\n.listing-detail-price { font-size: 1.75rem; font-weight: 800; color: var(--brand); margin-bottom: 1rem; }\n.listing-detail-actions { display: flex; gap: 0.75rem; flex-wrap: wrap; margin: 1.5rem 0; }·\n/* ── REVIEW CARD ── */\n.review-card { padding: 1rem; border-bottom: 1px solid var(--border-light); }\n.review-card:last-child { border-bottom: none; }\n.review-header { display: flex; align-items: center; gap: 0.75rem; margin-bottom: 0.5rem; }\n.review-body { font-size: 0.875rem; color: var(--text-secondary); line-height: 1.6; }·\n/* ── MARKDOWN CONTENT ── */\n.prose h1 { font-size: 1.75rem; margin-bottom: 1rem; }\n.prose h2 { font-size: 1.375rem; margin: 1.5rem 0 0.75rem; }\n.prose h3 { font-size: 1.125rem; margin: 1.25rem 0 0.5rem; }\n.prose p { margin-bottom: 0.75rem; line-height: 1.8; }\n.prose ul, .prose ol { margin: 0.5rem 0 0.75rem 1.5rem; }\n.prose li { margin-bottom: 0.375rem; }\n.prose strong { font-weight: 600; }·\n/* ── ANIMATIONS ── */\n@keyframes fadeIn { from { opacity: 0; transform: translateY(-4px); } to { opacity: 1; transform: translateY(0); } }\n@keyframes slideDown { from { opacity: 0; transform: translateY(-10px); } to { opacity: 1; transform: translateY(0); } }\n@keyframes shimmer { 0% { background-position: 200% 0; } 100% { background-position: -200% 0; } }·\n/* ── RESPONSIVE ── */\n@media (max-width: 768px) {\n  .navbar-nav { display: none; }\n  .navbar-toggle { display: flex; }\n  .navbar-nav.open { display: flex; flex-direction: column; position: absolute; top: 64px; left: 0; right: 0; background: var(--surface-0); border-bottom: 1px solid var(--border-light); padding: 1rem; box-shadow: var(--shadow-lg); z-index: 99; }\n  .hero h1 { font-size: 1.5rem; }\n  .hero p { font-size: 0.9375rem; }\n  .browse-layout { grid-template-columns: 1fr; }\n  .filter-sidebar { position: static; }\n  .listing-detail { grid-template-columns: 1fr; }\n  .grid-listings { grid-template-columns: repeat(auto-fill, minmax(240px, 1fr)); }\n  .form-row { grid-template-columns: 1fr; }\n  .footer-inner { flex-direction: column; text-align: center; }\n}·\n@media (max-width: 480px) {\n  .grid-listings { grid-template-columns: 1fr; }\n  .grid-categories { grid-template-columns: repeat(2, 1fr); }\n  .hero { padding: 2.5rem 1rem; }\n  .auth-card { padding: 1.5rem; }\n}·\n/* ── UTILITIES ── */\n.text-center { text-align: center; }\n.text-muted { color: var(--text-muted); }\n.text-brand { color: var(--brand); }\n.text-sm { font-size: 0.8125rem; }\n.mt-1 { margin-top: 0.5rem; }\n.mt-2 { margin-top: 1rem; }\n.mt-3 { margin-top: 1.5rem; }\n.mb-1 { margin-bottom: 0.5rem; }\n.mb-2 { margin-bottom: 1rem; }\n.mb-3 { margin-bottom: 1.5rem; }\n.flex { display: flex; }\n.flex-wrap { flex-wrap: wrap; }\n.items-center { align-items: center; }\n.justify-between { justify-content: space-between; }\n.gap-1 { gap: 0.5rem; }\n.gap-2 { gap: 1rem; }\n.hidden { display: none; }\n.w-full { width: 100%; }\n\"\n    at Object.toMatch (C:\\Users\\osama\\OneDrive\\سطح المكتب\\Whale_Store\\.claude\\worktrees\\gracious-colden\\__tests__\\uiux.guideline.test.js:63:17)\n    at Promise.finally.completed (C:\\Users\\osama\\OneDrive\\سطح المكتب\\Whale_Store\\node_modules\\jest-circus\\build\\jestAdapterInit.js:1557:28)\n    at new Promise (<anonymous>)\n    at callAsyncCircusFn (C:\\Users\\osama\\OneDrive\\سطح المكتب\\Whale_Store\\node_modules\\jest-circus\\build\\jestAdapterInit.js:1497:10)\n    at _callCircusTest (C:\\Users\\osama\\OneDrive\\سطح المكتب\\Whale_Store\\node_modules\\jest-circus\\build\\jestAdapterInit.js:1007:40)\n    at processTicksAndRejections (node:internal/process/task_queues:103:5)\n    at _runTest (C:\\Users\\osama\\OneDrive\\سطح المكتب\\Whale_Store\\node_modules\\jest-circus\\build\\jestAdapterInit.js:947:3)\n    at C:\\Users\\osama\\OneDrive\\سطح المكتب\\Whale_Store\\node_modules\\jest-circus\\build\\jestAdapterInit.js:849:7\n    at _runTestsForDescribeBlock (C:\\Users\\osama\\OneDrive\\سطح المكتب\\Whale_Store\\node_modules\\jest-circus\\build\\jestAdapterInit.js:862:11)\n    at _runTestsForDescribeBlock (C:\\Users\\osama\\OneDrive\\سطح المكتب\\Whale_Store\\node_modules\\jest-circus\\build\\jestAdapterInit.js:857:11)\n    at run (C:\\Users\\osama\\OneDrive\\سطح المكتب\\Whale_Store\\node_modules\\jest-circus\\build\\jestAdapterInit.js:761:3)\n    at runAndTransformResultsToJestFormat (C:\\Users\\osama\\OneDrive\\سطح المكتب\\Whale_Store\\node_modules\\jest-circus\\build\\jestAdapterInit.js:1918:21)\n    at jestAdapter (C:\\Users\\osama\\OneDrive\\سطح المكتب\\Whale_Store\\node_modules\\jest-circus\\build\\runner.js:101:19)\n    at runTestInternal (C:\\Users\\osama\\OneDrive\\سطح المكتب\\Whale_Store\\node_modules\\jest-runner\\build\\index.js:275:16)\n    at runTest (C:\\Users\\osama\\OneDrive\\سطح المكتب\\Whale_Store\\node_modules\\jest-runner\\build\\index.js:343:7)"
          ],
          "fullName": "UI/UX guideline checks (deep) CSS includes explicit responsive breakpoints for 320px, 375px, and 428px",
          "invocations": 1,
          "location": null,
          "numPassingAsserts": 0,
          "retryReasons": [],
          "startAt": 1774481447936,
          "status": "failed",
          "title": "CSS includes explicit responsive breakpoints for 320px, 375px, and 428px"
        },
        {
          "ancestorTitles": ["UI/UX guideline checks (deep)"],
          "duration": 0,
          "failing": false,
          "failureDetails": [
            {
              "matcherResult": {
                "message": "expect(received).toMatch(expected)\n\nExpected pattern: /\\.icon-btn[^}]*width:\\s*(44px|4[4-9]px|[5-9]\\dpx)/s\nReceived string:  \"/* ═══════════════════════════════════════════════════════════\n   WHALE MARKETPLACE — Design System\n   ═══════════════════════════════════════════════════════════ */·\n/* ── TOKENS ── */\n:root {\n  --surface-0: #ffffff;\n  --surface-1: #f8f9fa;\n  --surface-2: #f0f2f5;\n  --surface-3: #e4e7ec;\n  --brand: #1472a3;\n  --brand-dark: #0f5a82;\n  --brand-light: #e8f4fc;\n  --brand-gradient: linear-gradient(135deg, #1472a3, #0f5a82);\n  --text-primary: #111827;\n  --text-secondary: #374151;\n  --text-muted: #6b7280;\n  --text-inverse: #ffffff;\n  --success: #16a34a;\n  --success-light: #dcfce7;\n  --warning: #d97706;\n  --warning-light: #fef3c7;\n  --danger: #dc2626;\n  --danger-light: #fee2e2;\n  --info: #2563eb;\n  --info-light: #dbeafe;\n  --border: #d1d5db;\n  --border-light: #e5e7eb;\n  --focus-ring: 0 0 0 3px rgba(20, 114, 163, 0.25);\n  --radius-sm: 6px;\n  --radius-md: 10px;\n  --radius-lg: 14px;\n  --radius-xl: 20px;\n  --radius-pill: 999px;\n  --shadow-xs: 0 1px 2px rgba(0,0,0,0.04);\n  --shadow-sm: 0 1px 3px rgba(0,0,0,0.06), 0 1px 2px rgba(0,0,0,0.04);\n  --shadow-md: 0 4px 12px rgba(0,0,0,0.08);\n  --shadow-lg: 0 8px 24px rgba(0,0,0,0.12);\n  --font-sans: 'Plus Jakarta Sans', system-ui, -apple-system, sans-serif;\n  --font-arabic: 'Tajawal', 'Arabic UI Text', system-ui, sans-serif;\n  --transition: 180ms ease;\n  --transition-slow: 300ms ease;\n}·\nhtml[data-theme=\\\"dark\\\"] {\n  --surface-0: #0f1117;\n  --surface-1: #171b26;\n  --surface-2: #1e2333;\n  --surface-3: #252b3b;\n  --text-primary: #f3f4f6;\n  --text-secondary: #d1d5db;\n  --text-muted: #9ca3af;\n  --border: #2d3348;\n  --border-light: #252b3b;\n  --shadow-sm: 0 1px 3px rgba(0,0,0,0.3);\n  --shadow-md: 0 4px 12px rgba(0,0,0,0.4);\n  --shadow-lg: 0 8px 24px rgba(0,0,0,0.5);\n  --success-light: #052e16;\n  --warning-light: #451a03;\n  --danger-light: #450a0a;\n  --info-light: #172554;\n}·\nhtml[dir=\\\"rtl\\\"] { --font-sans: var(--font-arabic); }·\n/* ── RESET ── */\n*, *::before, *::after { box-sizing: border-box; margin: 0; padding: 0; }\nhtml { font-family: var(--font-sans); font-size: 16px; line-height: 1.6; color: var(--text-primary); background: var(--surface-0); scroll-behavior: smooth; -webkit-font-smoothing: antialiased; }\nbody { min-height: 100vh; display: flex; flex-direction: column; background: var(--surface-1); }\na { color: var(--brand); text-decoration: none; transition: color var(--transition); }\na:hover { color: var(--brand-dark); }\nimg { max-width: 100%; display: block; }\nul, ol { list-style: none; }·\n/* ── LAYOUT ── */\n.container { width: 100%; max-width: 1200px; margin: 0 auto; padding: 0 1rem; }\n.main-content { flex: 1; padding: 2rem 0; }\n.page-header { margin-bottom: 2rem; }\n.page-header h1 { font-size: 1.75rem; font-weight: 700; }·\n/* ── NAVBAR ── */\n.navbar { position: sticky; top: 0; z-index: 100; background: var(--surface-0); border-bottom: 1px solid var(--border-light); box-shadow: var(--shadow-sm); padding: 0 1rem; }\n.navbar-inner { max-width: 1200px; margin: 0 auto; display: flex; align-items: center; justify-content: space-between; height: 64px; gap: 1rem; }\n.navbar-brand { display: flex; align-items: center; gap: 0.5rem; font-size: 1.25rem; font-weight: 700; color: var(--brand); white-space: nowrap; }\n.navbar-brand:hover { color: var(--brand-dark); }\n.navbar-nav { display: flex; align-items: center; gap: 0.25rem; }\n.nav-link { display: flex; align-items: center; gap: 0.375rem; padding: 0.5rem 0.75rem; border-radius: var(--radius-md); color: var(--text-secondary); font-size: 0.875rem; font-weight: 500; transition: all var(--transition); white-space: nowrap; }\n.nav-link:hover { color: var(--brand); background: var(--brand-light); }\n.nav-link.active { color: var(--brand); background: var(--brand-light); }\n.navbar-actions { display: flex; align-items: center; gap: 0.5rem; }\n.navbar-toggle { display: none; background: none; border: none; cursor: pointer; padding: 0.5rem; color: var(--text-primary); font-size: 1.5rem; }·\n/* ── ICON BUTTONS ── */\n.icon-btn { display: inline-flex; align-items: center; justify-content: center; width: 36px; height: 36px; border-radius: var(--radius-md); border: 1px solid var(--border-light); background: var(--surface-0); color: var(--text-secondary); cursor: pointer; transition: all var(--transition); position: relative; font-size: 1.1rem; }\n.icon-btn:hover { background: var(--surface-2); color: var(--brand); border-color: var(--brand); }\n.notification-count { position: absolute; top: -4px; right: -4px; background: var(--danger); color: white; font-size: 0.65rem; font-weight: 700; min-width: 16px; height: 16px; border-radius: var(--radius-pill); display: flex; align-items: center; justify-content: center; padding: 0 4px; }\n[dir=\\\"rtl\\\"] .notification-count { right: auto; left: -4px; }·\n/* ── USER MENU ── */\n.user-menu { position: relative; }\n.user-menu-trigger { display: flex; align-items: center; gap: 0.5rem; padding: 0.375rem; border-radius: var(--radius-pill); border: 1px solid var(--border-light); background: var(--surface-0); cursor: pointer; transition: all var(--transition); }\n.user-menu-trigger:hover { border-color: var(--brand); box-shadow: var(--shadow-sm); }\n.user-menu-dropdown { position: absolute; top: calc(100% + 8px); right: 0; min-width: 200px; background: var(--surface-0); border: 1px solid var(--border-light); border-radius: var(--radius-lg); box-shadow: var(--shadow-lg); padding: 0.5rem; display: none; z-index: 110; }\n[dir=\\\"rtl\\\"] .user-menu-dropdown { right: auto; left: 0; }\n.user-menu.open .user-menu-dropdown { display: block; animation: fadeIn 0.15s ease; }\n.user-menu-dropdown a { display: flex; align-items: center; gap: 0.5rem; padding: 0.625rem 0.75rem; border-radius: var(--radius-md); color: var(--text-secondary); font-size: 0.875rem; transition: all var(--transition); }\n.user-menu-dropdown a:hover { background: var(--surface-2); color: var(--text-primary); }\n.dropdown-divider { height: 1px; background: var(--border-light); margin: 0.375rem 0; }·\n/* ── BUTTONS ── */\n.btn { display: inline-flex; align-items: center; justify-content: center; gap: 0.5rem; padding: 0.625rem 1.25rem; border: 1px solid transparent; border-radius: var(--radius-md); font-family: inherit; font-size: 0.875rem; font-weight: 600; cursor: pointer; transition: all var(--transition); white-space: nowrap; text-decoration: none; line-height: 1.4; }\n.btn:focus-visible { outline: none; box-shadow: var(--focus-ring); }\n.btn:disabled { opacity: 0.5; cursor: not-allowed; }\n.btn-primary { background: var(--brand-gradient); color: var(--text-inverse); border-color: var(--brand); }\n.btn-primary:hover { filter: brightness(1.1); color: var(--text-inverse); transform: translateY(-1px); box-shadow: var(--shadow-md); }\n.btn-secondary { background: var(--surface-2); color: var(--text-primary); border-color: var(--border); }\n.btn-secondary:hover { background: var(--surface-3); }\n.btn-ghost { background: transparent; color: var(--brand); border-color: var(--brand); }\n.btn-ghost:hover { background: var(--brand-light); }\n.btn-danger { background: var(--danger); color: var(--text-inverse); border-color: var(--danger); }\n.btn-danger:hover { filter: brightness(1.1); color: var(--text-inverse); }\n.btn-success { background: var(--success); color: var(--text-inverse); }\n.btn-success:hover { filter: brightness(1.1); color: var(--text-inverse); }\n.btn-sm { padding: 0.375rem 0.75rem; font-size: 0.8125rem; }\n.btn-lg { padding: 0.875rem 1.75rem; font-size: 1rem; }\n.btn-block { width: 100%; }·\n/* ── CARDS ── */\n.card { background: var(--surface-0); border: 1px solid var(--border-light); border-radius: var(--radius-lg); box-shadow: var(--shadow-xs); overflow: hidden; transition: all var(--transition); }\n.card:hover { box-shadow: var(--shadow-md); }\n.card-body { padding: 1.25rem; }\n.card-header { padding: 1rem 1.25rem; border-bottom: 1px solid var(--border-light); font-weight: 600; }\n.card-footer { padding: 1rem 1.25rem; border-top: 1px solid var(--border-light); }·\n/* ── LISTING CARD ── */\n.listing-card { background: var(--surface-0); border: 1px solid var(--border-light); border-radius: var(--radius-lg); overflow: hidden; transition: all var(--transition); display: flex; flex-direction: column; }\n.listing-card:hover { box-shadow: var(--shadow-md); transform: translateY(-3px); border-color: var(--brand); }\n.listing-card-image { position: relative; aspect-ratio: 4/3; overflow: hidden; background: var(--surface-2); }\n.listing-card-image img { width: 100%; height: 100%; object-fit: cover; transition: transform var(--transition-slow); }\n.listing-card:hover .listing-card-image img { transform: scale(1.05); }\n.listing-card-badge { position: absolute; top: 0.75rem; left: 0.75rem; }\n[dir=\\\"rtl\\\"] .listing-card-badge { left: auto; right: 0.75rem; }\n.listing-card-save { position: absolute; top: 0.75rem; right: 0.75rem; background: var(--surface-0); border: none; width: 32px; height: 32px; border-radius: 50%; display: flex; align-items: center; justify-content: center; cursor: pointer; box-shadow: var(--shadow-sm); transition: all var(--transition); color: var(--text-muted); font-size: 1rem; }\n[dir=\\\"rtl\\\"] .listing-card-save { right: auto; left: 0.75rem; }\n.listing-card-save:hover, .listing-card-save.saved { color: var(--danger); }\n.listing-card-body { padding: 1rem; flex: 1; display: flex; flex-direction: column; gap: 0.5rem; }\n.listing-card-title { font-size: 0.9375rem; font-weight: 600; color: var(--text-primary); display: -webkit-box; -webkit-line-clamp: 2; -webkit-box-orient: vertical; overflow: hidden; }\n.listing-card-meta { display: flex; align-items: center; gap: 0.5rem; font-size: 0.8125rem; color: var(--text-muted); }\n.listing-card-price { font-size: 1.125rem; font-weight: 700; color: var(--brand); margin-top: auto; }·\n/* ── GRIDS ── */\n.grid-listings { display: grid; grid-template-columns: repeat(auto-fill, minmax(280px, 1fr)); gap: 1.25rem; }\n.grid-categories { display: grid; grid-template-columns: repeat(auto-fill, minmax(160px, 1fr)); gap: 1rem; }\n.grid-stats { display: grid; grid-template-columns: repeat(auto-fill, minmax(200px, 1fr)); gap: 1rem; }·\n/* ── CATEGORY CARD ── */\n.category-card { display: flex; flex-direction: column; align-items: center; gap: 0.75rem; padding: 1.5rem 1rem; background: var(--surface-0); border: 1px solid var(--border-light); border-radius: var(--radius-lg); text-align: center; transition: all var(--transition); cursor: pointer; }\n.category-card:hover { border-color: var(--brand); background: var(--brand-light); transform: translateY(-2px); box-shadow: var(--shadow-md); }\n.category-card-icon { font-size: 2rem; }\n.category-card-name { font-size: 0.875rem; font-weight: 600; color: var(--text-primary); }·\n/* ── FORMS ── */\n.form-group { display: flex; flex-direction: column; gap: 0.375rem; margin-bottom: 1rem; }\n.form-label { font-size: 0.875rem; font-weight: 600; color: var(--text-secondary); }\n.form-label .required { color: var(--danger); }\n.input, .textarea, .select { width: 100%; padding: 0.625rem 0.875rem; background: var(--surface-0); border: 1.5px solid var(--border); border-radius: var(--radius-md); font-family: inherit; font-size: 0.9375rem; color: var(--text-primary); transition: all var(--transition); }\n.input:focus, .textarea:focus, .select:focus { outline: none; border-color: var(--brand); box-shadow: var(--focus-ring); }\n.input::placeholder, .textarea::placeholder { color: var(--text-muted); }\n.textarea { min-height: 120px; resize: vertical; }\n.select { cursor: pointer; appearance: none; background-image: url(\\\"data:image/svg+xml,%3Csvg xmlns='http://www.w3.org/2000/svg' width='16' height='16' viewBox='0 0 24 24' fill='none' stroke='%236b7280' stroke-width='2'%3E%3Cpath d='M6 9l6 6 6-6'/%3E%3C/svg%3E\\\"); background-repeat: no-repeat; background-position: right 0.75rem center; padding-right: 2.5rem; }\n[dir=\\\"rtl\\\"] .select { background-position: left 0.75rem center; padding-right: 0.875rem; padding-left: 2.5rem; }\n.form-row { display: grid; grid-template-columns: 1fr 1fr; gap: 1rem; }\n.checkbox-label { display: flex; align-items: center; gap: 0.5rem; font-size: 0.875rem; color: var(--text-secondary); cursor: pointer; }\n.checkbox-label input[type=\\\"checkbox\\\"] { width: 18px; height: 18px; accent-color: var(--brand); }·\n/* ── BADGES ── */\n.badge { display: inline-flex; align-items: center; padding: 0.25rem 0.625rem; border-radius: var(--radius-pill); font-size: 0.75rem; font-weight: 600; line-height: 1.4; white-space: nowrap; }\n.badge-success { background: var(--success-light); color: var(--success); }\n.badge-warning { background: var(--warning-light); color: var(--warning); }\n.badge-danger { background: var(--danger-light); color: var(--danger); }\n.badge-info { background: var(--info-light); color: var(--info); }\n.badge-neutral { background: var(--surface-2); color: var(--text-muted); }·\n/* ── AVATAR ── */\n.avatar { width: 40px; height: 40px; border-radius: 50%; object-fit: cover; background: var(--brand-light); display: flex; align-items: center; justify-content: center; font-weight: 700; color: var(--brand); font-size: 1rem; flex-shrink: 0; overflow: hidden; }\n.avatar-sm { width: 28px; height: 28px; font-size: 0.75rem; }\n.avatar-lg { width: 56px; height: 56px; font-size: 1.25rem; }\n.avatar-xl { width: 80px; height: 80px; font-size: 1.75rem; }·\n/* ── HERO ── */\n.hero { background: var(--brand-gradient); color: var(--text-inverse); padding: 4rem 1rem; text-align: center; border-radius: var(--radius-xl); margin-bottom: 2rem; }\n.hero h1 { font-size: 2.25rem; font-weight: 800; margin-bottom: 0.75rem; }\n.hero p { font-size: 1.125rem; opacity: 0.9; max-width: 600px; margin: 0 auto 1.5rem; line-height: 1.8; }\n.hero-actions { display: flex; gap: 1rem; justify-content: center; flex-wrap: wrap; }\n.hero .btn { padding: 0.75rem 2rem; font-size: 1rem; }\n.hero .btn-primary { background: white; color: var(--brand); border-color: white; }\n.hero .btn-primary:hover { background: var(--surface-1); }\n.hero .btn-ghost { color: white; border-color: rgba(255,255,255,0.4); }\n.hero .btn-ghost:hover { background: rgba(255,255,255,0.15); color: white; }·\n/* ── FLASH ── */\n.flash { padding: 0.875rem 1.25rem; border-radius: var(--radius-md); margin-bottom: 1rem; font-size: 0.875rem; font-weight: 500; display: flex; align-items: center; gap: 0.5rem; animation: slideDown 0.3s ease; }\n.flash-success { background: var(--success-light); color: var(--success); border: 1px solid var(--success); }\n.flash-warning { background: var(--warning-light); color: var(--warning); border: 1px solid var(--warning); }\n.flash-danger { background: var(--danger-light); color: var(--danger); border: 1px solid var(--danger); }\n.flash-info { background: var(--info-light); color: var(--info); border: 1px solid var(--info); }·\n/* ── STAT CARD ── */\n.stat-card { background: var(--surface-0); border: 1px solid var(--border-light); border-radius: var(--radius-lg); padding: 1.25rem; text-align: center; }\n.stat-card-value { font-size: 1.75rem; font-weight: 800; color: var(--brand); margin-bottom: 0.25rem; }\n.stat-card-label { font-size: 0.8125rem; color: var(--text-muted); font-weight: 500; }·\n/* ── TIMELINE ── */\n.timeline { position: relative; padding: 0; }\n.timeline::before { content: ''; position: absolute; left: 12px; top: 0; bottom: 0; width: 2px; background: var(--border-light); }\n[dir=\\\"rtl\\\"] .timeline::before { left: auto; right: 12px; }\n.timeline-item { position: relative; padding: 0 0 1.5rem 2.5rem; }\n[dir=\\\"rtl\\\"] .timeline-item { padding: 0 2.5rem 1.5rem 0; }\n.timeline-dot { position: absolute; left: 5px; top: 2px; width: 16px; height: 16px; border-radius: 50%; background: var(--brand); border: 3px solid var(--brand-light); }\n[dir=\\\"rtl\\\"] .timeline-dot { left: auto; right: 5px; }\n.timeline-content { font-size: 0.875rem; }\n.timeline-date { font-size: 0.75rem; color: var(--text-muted); }·\n/* ── TRUST SECTION ── */\n.trust-grid { display: grid; grid-template-columns: repeat(auto-fit, minmax(240px, 1fr)); gap: 1.5rem; margin: 2rem 0; }\n.trust-card { text-align: center; padding: 2rem 1.5rem; background: var(--surface-0); border: 1px solid var(--border-light); border-radius: var(--radius-lg); transition: all var(--transition); }\n.trust-card:hover { transform: translateY(-3px); box-shadow: var(--shadow-md); }\n.trust-card-icon { font-size: 2.5rem; margin-bottom: 1rem; }\n.trust-card h3 { font-size: 1.125rem; margin-bottom: 0.5rem; }\n.trust-card p { font-size: 0.875rem; color: var(--text-muted); line-height: 1.6; }·\n/* ── BROWSE LAYOUT ── */\n.browse-layout { display: grid; grid-template-columns: 260px 1fr; gap: 2rem; align-items: start; }\n.filter-sidebar { position: sticky; top: 80px; background: var(--surface-0); border: 1px solid var(--border-light); border-radius: var(--radius-lg); padding: 1.25rem; }\n.filter-sidebar h3 { font-size: 1rem; margin-bottom: 1rem; }·\n/* ── SELLER INFO ── */\n.seller-info { display: flex; align-items: center; gap: 0.75rem; padding: 1rem; background: var(--surface-1); border-radius: var(--radius-lg); margin-bottom: 1rem; }\n.seller-info-details { flex: 1; }\n.seller-info-name { font-weight: 600; }\n.seller-info-meta { font-size: 0.8125rem; color: var(--text-muted); }·\n/* ── STARS ── */\n.stars { display: inline-flex; gap: 2px; color: #fbbf24; font-size: 0.875rem; }\n.stars .empty { color: var(--border); }·\n/* ── IMAGE GALLERY ── */\n.gallery { display: flex; flex-direction: column; gap: 0.75rem; }\n.gallery-main { aspect-ratio: 4/3; border-radius: var(--radius-lg); overflow: hidden; background: var(--surface-2); }\n.gallery-main img { width: 100%; height: 100%; object-fit: cover; }\n.gallery-thumbs { display: flex; gap: 0.5rem; overflow-x: auto; }\n.gallery-thumb { width: 72px; height: 54px; border-radius: var(--radius-sm); overflow: hidden; cursor: pointer; border: 2px solid transparent; opacity: 0.7; transition: all var(--transition); flex-shrink: 0; }\n.gallery-thumb.active, .gallery-thumb:hover { border-color: var(--brand); opacity: 1; }\n.gallery-thumb img { width: 100%; height: 100%; object-fit: cover; }·\n/* ── TABS ── */\n.tabs { display: flex; gap: 0; border-bottom: 2px solid var(--border-light); margin-bottom: 1.5rem; }\n.tab { padding: 0.75rem 1.25rem; font-size: 0.875rem; font-weight: 600; color: var(--text-muted); cursor: pointer; border: none; border-bottom: 2px solid transparent; margin-bottom: -2px; transition: all var(--transition); background: none; font-family: inherit; }\n.tab:hover { color: var(--text-primary); }\n.tab.active { color: var(--brand); border-bottom-color: var(--brand); }·\n/* ── TABLE ── */\n.table-wrap { overflow-x: auto; border: 1px solid var(--border-light); border-radius: var(--radius-lg); }\ntable { width: 100%; border-collapse: collapse; }\nth, td { padding: 0.75rem 1rem; text-align: start; font-size: 0.875rem; }\nth { background: var(--surface-1); font-weight: 600; color: var(--text-secondary); border-bottom: 1px solid var(--border-light); }\ntd { border-bottom: 1px solid var(--border-light); }\ntr:last-child td { border-bottom: none; }\ntr:hover td { background: var(--surface-1); }·\n/* ── SKELETON ── */\n.skeleton { background: linear-gradient(90deg, var(--surface-2) 25%, var(--surface-3) 50%, var(--surface-2) 75%); background-size: 200% 100%; animation: shimmer 1.5s infinite; border-radius: var(--radius-md); }·\n/* ── FOOTER ── */\n.footer { background: var(--surface-0); border-top: 1px solid var(--border-light); padding: 2rem 1rem; margin-top: auto; }\n.footer-inner { max-width: 1200px; margin: 0 auto; display: flex; justify-content: space-between; align-items: center; flex-wrap: wrap; gap: 1rem; }\n.footer-links { display: flex; gap: 1.5rem; }\n.footer-links a { font-size: 0.875rem; color: var(--text-muted); }\n.footer-links a:hover { color: var(--brand); }\n.footer-copy { font-size: 0.8125rem; color: var(--text-muted); }·\n/* ── CTA BANNER ── */\n.cta-banner { background: var(--brand-gradient); color: var(--text-inverse); text-align: center; padding: 3rem 1.5rem; border-radius: var(--radius-xl); margin: 3rem 0; }\n.cta-banner h2 { font-size: 1.75rem; margin-bottom: 0.5rem; }\n.cta-banner p { opacity: 0.9; margin-bottom: 1.5rem; }·\n/* ── SECTIONS ── */\n.section { margin-bottom: 3rem; }\n.section-title { font-size: 1.375rem; font-weight: 700; margin-bottom: 1.25rem; }·\n/* ── AUTH ── */\n.auth-container { max-width: 420px; margin: 2rem auto; }\n.auth-card { background: var(--surface-0); border: 1px solid var(--border-light); border-radius: var(--radius-xl); padding: 2rem; box-shadow: var(--shadow-md); }\n.auth-card h1 { text-align: center; font-size: 1.5rem; margin-bottom: 0.5rem; }\n.auth-card .subtitle { text-align: center; color: var(--text-muted); margin-bottom: 1.5rem; font-size: 0.875rem; }\n.divider { display: flex; align-items: center; gap: 1rem; margin: 1.5rem 0; color: var(--text-muted); font-size: 0.8125rem; }\n.divider::before, .divider::after { content: ''; flex: 1; height: 1px; background: var(--border); }\n.auth-footer { text-align: center; margin-top: 1.5rem; font-size: 0.875rem; color: var(--text-muted); }·\n/* ── EMPTY STATE ── */\n.empty-state { text-align: center; padding: 3rem 1rem; color: var(--text-muted); }\n.empty-state-icon { font-size: 3rem; margin-bottom: 1rem; }\n.empty-state h3 { font-size: 1.125rem; color: var(--text-secondary); margin-bottom: 0.5rem; }\n.empty-state p
[...]
          "locations": [
            { "start": { "line": 14, "column": 8 }, "end": { "line": 14, "column": 31 } },
            { "start": { "line": 14, "column": 35 }, "end": { "line": 14, "column": 53 } }
          ],
          "line": 14
        },
        "5": {
          "loc": { "start": { "line": 15, "column": 6 }, "end": { "line": 21, "column": 7 } },
          "type": "if",
          "locations": [
            { "start": { "line": 15, "column": 6 }, "end": { "line": 21, "column": 7 } },
            { "start": { "line": 17, "column": 13 }, "end": { "line": 21, "column": 7 } }
          ],
          "line": 15
        },
        "6": {
          "loc": { "start": { "line": 17, "column": 13 }, "end": { "line": 21, "column": 7 } },
          "type": "if",
          "locations": [
            { "start": { "line": 17, "column": 13 }, "end": { "line": 21, "column": 7 } },
            { "start": { "line": 19, "column": 13 }, "end": { "line": 21, "column": 7 } }
          ],
          "line": 17
        },
        "7": {
          "loc": { "start": { "line": 17, "column": 17 }, "end": { "line": 17, "column": 80 } },
          "type": "binary-expr",
          "locations": [
            { "start": { "line": 17, "column": 17 }, "end": { "line": 17, "column": 46 } },
            { "start": { "line": 17, "column": 50 }, "end": { "line": 17, "column": 80 } }
          ],
          "line": 17
        }
      },
      "s": {
        "0": 4,
        "1": 2,
        "2": 2,
        "3": 4,
        "4": 1,
        "5": 3,
        "6": 2,
        "7": 2,
        "8": 6,
        "9": 4,
        "10": 1,
        "11": 3,
        "12": 2,
        "13": 1,
        "14": 2,
        "15": 1
      },
      "f": { "0": 4, "1": 4, "2": 2 },
      "b": {
        "0": [2, 2],
        "1": [1, 3],
        "2": [2, 1],
        "3": [4, 2],
        "4": [6, 5],
        "5": [1, 3],
        "6": [2, 1],
        "7": [3, 2]
      },
      "_coverageSchema": "1a1c01bbd47fc00a2c39e90264f33305004495a9",
      "hash": "73b2c9d4f1d14dab3f053a6f1dcd32e68dedce29"
    },
    "C:\\Users\\osama\\OneDrive\\سطح المكتب\\Whale_Store\\.claude\\worktrees\\gracious-colden\\middleware\\subscription.js": {
      "path": "C:\\Users\\osama\\OneDrive\\سطح المكتب\\Whale_Store\\.claude\\worktrees\\gracious-colden\\middleware\\subscription.js",
      "statementMap": {
        "0": { "start": { "line": 2, "column": 2 }, "end": { "line": 12, "column": 3 } },
        "1": { "start": { "line": 3, "column": 16 }, "end": { "line": 3, "column": 37 } },
        "2": { "start": { "line": 4, "column": 16 }, "end": { "line": 4, "column": 26 } },
        "3": { "start": { "line": 5, "column": 4 }, "end": { "line": 5, "column": 82 } },
        "4": { "start": { "line": 6, "column": 4 }, "end": { "line": 6, "column": 70 } },
        "5": { "start": { "line": 7, "column": 4 }, "end": { "line": 7, "column": 93 } },
        "6": { "start": { "line": 9, "column": 4 }, "end": { "line": 9, "column": 29 } },
        "7": { "start": { "line": 10, "column": 4 }, "end": { "line": 10, "column": 31 } },
        "8": { "start": { "line": 11, "column": 4 }, "end": { "line": 11, "column": 31 } },
        "9": { "start": { "line": 13, "column": 2 }, "end": { "line": 13, "column": 9 } },
        "10": { "start": { "line": 16, "column": 0 }, "end": { "line": 16, "column": 44 } }
      },
      "fnMap": {
        "0": {
          "name": "subscriptionMiddleware",
          "decl": { "start": { "line": 1, "column": 15 }, "end": { "line": 1, "column": 37 } },
          "loc": { "start": { "line": 1, "column": 54 }, "end": { "line": 14, "column": 1 } },
          "line": 1
        }
      },
      "branchMap": {
        "0": {
          "loc": { "start": { "line": 2, "column": 2 }, "end": { "line": 12, "column": 3 } },
          "type": "if",
          "locations": [
            { "start": { "line": 2, "column": 2 }, "end": { "line": 12, "column": 3 } },
            { "start": { "line": 8, "column": 9 }, "end": { "line": 12, "column": 3 } }
          ],
          "line": 2
        },
        "1": {
          "loc": { "start": { "line": 2, "column": 6 }, "end": { "line": 2, "column": 39 } },
          "type": "binary-expr",
          "locations": [
            { "start": { "line": 2, "column": 6 }, "end": { "line": 2, "column": 14 } },
            { "start": { "line": 2, "column": 18 }, "end": { "line": 2, "column": 39 } }
          ],
          "line": 2
        },
        "2": {
          "loc": { "start": { "line": 5, "column": 23 }, "end": { "line": 5, "column": 81 } },
          "type": "binary-expr",
          "locations": [
            { "start": { "line": 5, "column": 23 }, "end": { "line": 5, "column": 41 } },
            { "start": { "line": 5, "column": 45 }, "end": { "line": 5, "column": 58 } },
            { "start": { "line": 5, "column": 62 }, "end": { "line": 5, "column": 81 } }
          ],
          "line": 5
        },
        "3": {
          "loc": { "start": { "line": 6, "column": 28 }, "end": { "line": 6, "column": 68 } },
          "type": "binary-expr",
          "locations": [
            { "start": { "line": 6, "column": 28 }, "end": { "line": 6, "column": 43 } },
            { "start": { "line": 6, "column": 47 }, "end": { "line": 6, "column": 68 } }
          ],
          "line": 6
        },
        "4": {
          "loc": { "start": { "line": 7, "column": 25 }, "end": { "line": 7, "column": 92 } },
          "type": "binary-expr",
          "locations": [
            { "start": { "line": 7, "column": 25 }, "end": { "line": 7, "column": 41 } },
            { "start": { "line": 7, "column": 45 }, "end": { "line": 7, "column": 63 } },
            { "start": { "line": 7, "column": 67 }, "end": { "line": 7, "column": 92 } }
          ],
          "line": 7
        }
      },
      "s": {
        "0": 5,
        "1": 4,
        "2": 4,
        "3": 4,
        "4": 4,
        "5": 4,
        "6": 1,
        "7": 1,
        "8": 1,
        "9": 5,
        "10": 1
      },
      "f": { "0": 5 },
      "b": { "0": [4, 1], "1": [5, 4], "2": [4, 2, 2], "3": [4, 3], "4": [4, 3, 2] },
      "_coverageSchema": "1a1c01bbd47fc00a2c39e90264f33305004495a9",
      "hash": "30910e0b62df95a828a20630442cb83222722ff3"
    },
    "C:\\Users\\osama\\OneDrive\\سطح المكتب\\Whale_Store\\.claude\\worktrees\\gracious-colden\\utils\\pagination.js": {
      "path": "C:\\Users\\osama\\OneDrive\\سطح المكتب\\Whale_Store\\.claude\\worktrees\\gracious-colden\\utils\\pagination.js",
      "statementMap": {
        "0": { "start": { "line": 1, "column": 18 }, "end": { "line": 1, "column": 20 } },
        "1": { "start": { "line": 4, "column": 21 }, "end": { "line": 4, "column": 44 } },
        "2": { "start": { "line": 5, "column": 2 }, "end": { "line": 8, "column": 3 } },
        "3": { "start": { "line": 6, "column": 4 }, "end": { "line": 6, "column": 39 } },
        "4": { "start": { "line": 7, "column": 4 }, "end": { "line": 7, "column": 24 } },
        "5": { "start": { "line": 9, "column": 2 }, "end": { "line": 9, "column": 20 } },
        "6": { "start": { "line": 13, "column": 18 }, "end": { "line": 13, "column": 42 } },
        "7": { "start": { "line": 14, "column": 17 }, "end": { "line": 14, "column": 60 } },
        "8": { "start": { "line": 15, "column": 21 }, "end": { "line": 15, "column": 66 } },
        "9": { "start": { "line": 16, "column": 2 }, "end": { "line": 16, "column": 39 } },
        "10": { "start": { "line": 19, "column": 0 }, "end": { "line": 19, "column": 71 } }
      },
      "fnMap": {
        "0": {
          "name": "cursorPagination",
          "decl": { "start": { "line": 3, "column": 9 }, "end": { "line": 3, "column": 25 } },
          "loc": { "start": { "line": 3, "column": 34 }, "end": { "line": 10, "column": 1 } },
          "line": 3
        },
        "1": {
          "name": "processCursorResults",
          "decl": { "start": { "line": 12, "column": 9 }, "end": { "line": 12, "column": 29 } },
          "loc": { "start": { "line": 12, "column": 37 }, "end": { "line": 17, "column": 1 } },
          "line": 12
        }
      },
      "branchMap": {
        "0": {
          "loc": { "start": { "line": 5, "column": 2 }, "end": { "line": 8, "column": 3 } },
          "type": "if",
          "locations": [
            { "start": { "line": 5, "column": 2 }, "end": { "line": 8, "column": 3 } },
            { "start": {}, "end": {} }
          ],
          "line": 5
        },
        "1": {
          "loc": { "start": { "line": 14, "column": 17 }, "end": { "line": 14, "column": 60 } },
          "type": "cond-expr",
          "locations": [
            { "start": { "line": 14, "column": 27 }, "end": { "line": 14, "column": 52 } },
            { "start": { "line": 14, "column": 55 }, "end": { "line": 14, "column": 60 } }
          ],
          "line": 14
        },
        "2": {
          "loc": { "start": { "line": 15, "column": 21 }, "end": { "line": 15, "column": 66 } },
          "type": "cond-expr",
          "locations": [
            { "start": { "line": 15, "column": 31 }, "end": { "line": 15, "column": 59 } },
            { "start": { "line": 15, "column": 62 }, "end": { "line": 15, "column": 66 } }
          ],
          "line": 15
        }
      },
      "s": {
        "0": 1,
        "1": 2,
        "2": 2,
        "3": 1,
        "4": 1,
        "5": 2,
        "6": 2,
        "7": 2,
        "8": 2,
        "9": 2,
        "10": 1
      },
      "f": { "0": 2, "1": 2 },
      "b": { "0": [1, 1], "1": [1, 1], "2": [1, 1] },
      "_coverageSchema": "1a1c01bbd47fc00a2c39e90264f33305004495a9",
      "hash": "8217752411a7b0acf781760783db3818629a9ea5"
    },
    "C:\\Users\\osama\\OneDrive\\سطح المكتب\\Whale_Store\\.claude\\worktrees\\gracious-colden\\lib\\i18n.js": {
      "path": "C:\\Users\\osama\\OneDrive\\سطح المكتب\\Whale_Store\\.claude\\worktrees\\gracious-colden\\lib\\i18n.js",
      "statementMap": {
        "0": { "start": { "line": 1, "column": 21 }, "end": { "line": 220, "column": 1 } },
        "1": { "start": { "line": 230, "column": 16 }, "end": { "line": 230, "column": 33 } },
        "2": { "start": { "line": 231, "column": 2 }, "end": { "line": 231, "column": 25 } },
        "3": { "start": { "line": 231, "column": 14 }, "end": { "line": 231, "column": 25 } },
        "4": { "start": { "line": 232, "column": 13 }, "end": { "line": 232, "column": 45 } },
        "5": { "start": { "line": 233, "column": 2 }, "end": { "line": 235, "column": 3 } },
        "6": { "start": { "line": 234, "column": 4 }, "end": { "line": 234, "column": 58 } },
        "7": { "start": { "line": 236, "column": 2 }, "end": { "line": 236, "column": 14 } },
        "8": { "start": { "line": 239, "column": 0 }, "end": { "line": 239, "column": 37 } }
      },
      "fnMap": {
        "0": {
          "name": "t",
          "decl": { "start": { "line": 229, "column": 9 }, "end": { "line": 229, "column": 10 } },
          "loc": { "start": { "line": 229, "column": 42 }, "end": { "line": 237, "column": 1 } },
          "line": 229
        }
      },
      "branchMap": {
        "0": {
          "loc": { "start": { "line": 229, "column": 16 }, "end": { "line": 229, "column": 29 } },
          "type": "default-arg",
          "locations": [
            { "start": { "line": 229, "column": 25 }, "end": { "line": 229, "column": 29 } }
          ],
          "line": 229
        },
        "1": {
          "loc": { "start": { "line": 229, "column": 31 }, "end": { "line": 229, "column": 40 } },
          "type": "default-arg",
          "locations": [
            { "start": { "line": 229, "column": 38 }, "end": { "line": 229, "column": 40 } }
          ],
          "line": 229
        },
        "2": {
          "loc": { "start": { "line": 231, "column": 2 }, "end": { "line": 231, "column": 25 } },
          "type": "if",
          "locations": [
            { "start": { "line": 231, "column": 2 }, "end": { "line": 231, "column": 25 } },
            { "start": {}, "end": {} }
          ],
          "line": 231
        },
        "3": {
          "loc": { "start": { "line": 232, "column": 13 }, "end": { "line": 232, "column": 45 } },
          "type": "binary-expr",
          "locations": [
            { "start": { "line": 232, "column": 13 }, "end": { "line": 232, "column": 26 } },
            { "start": { "line": 232, "column": 30 }, "end": { "line": 232, "column": 38 } },
            { "start": { "line": 232, "column": 42 }, "end": { "line": 232, "column": 45 } }
          ],
          "line": 232
        }
      },
      "s": { "0": 2, "1": 6, "2": 6, "3": 1, "4": 5, "5": 5, "6": 1, "7": 5, "8": 2 },
      "f": { "0": 6 },
      "b": { "0": [1], "1": [5], "2": [1, 5], "3": [5, 1, 0] },
      "_coverageSchema": "1a1c01bbd47fc00a2c39e90264f33305004495a9",
      "hash": "29c9eaa85e61a6d5e0620a51643373b74d65431e"
    },
    "C:\\Users\\osama\\OneDrive\\سطح المكتب\\Whale_Store\\.claude\\worktrees\\gracious-colden\\middleware\\locale.js": {
      "path": "C:\\Users\\osama\\OneDrive\\سطح المكتب\\Whale_Store\\.claude\\worktrees\\gracious-colden\\middleware\\locale.js",
      "statementMap": {
        "0": { "start": { "line": 1, "column": 14 }, "end": { "line": 1, "column": 36 } },
        "1": { "start": { "line": 3, "column": 26 }, "end": { "line": 3, "column": 38 } },
        "2": { "start": { "line": 4, "column": 23 }, "end": { "line": 4, "column": 27 } },
        "3": { "start": { "line": 7, "column": 15 }, "end": { "line": 7, "column": 29 } },
        "4": { "start": { "line": 9, "column": 2 }, "end": { "line": 17, "column": 3 } },
        "5": { "start": { "line": 10, "column": 4 }, "end": { "line": 10, "column": 28 } },
        "6": { "start": { "line": 11, "column": 4 }, "end": { "line": 11, "column": 49 } },
        "7": { "start": { "line": 11, "column": 21 }, "end": { "line": 11, "column": 49 } },
        "8": { "start": { "line": 12, "column": 9 }, "end": { "line": 17, "column": 3 } },
        "9": { "start": { "line": 13, "column": 4 }, "end": { "line": 13, "column": 32 } },
        "10": { "start": { "line": 15, "column": 23 }, "end": { "line": 15, "column": 59 } },
        "11": { "start": { "line": 16, "column": 4 }, "end": { "line": 16, "column": 51 } },
        "12": { "start": { "line": 16, "column": 37 }, "end": { "line": 16, "column": 51 } },
        "13": { "start": { "line": 19, "column": 2 }, "end": { "line": 19, "column": 22 } },
        "14": { "start": { "line": 20, "column": 2 }, "end": { "line": 20, "column": 29 } },
        "15": { "start": { "line": 21, "column": 2 }, "end": { "line": 21, "column": 51 } },
        "16": { "start": { "line": 22, "column": 2 }, "end": { "line": 22, "column": 53 } },
        "17": { "start": { "line": 22, "column": 32 }, "end": { "line": 22, "column": 52 } },
        "18": { "start": { "line": 23, "column": 2 }, "end": { "line": 23, "column": 67 } },
        "19": { "start": { "line": 25, "column": 2 }, "end": { "line": 25, "column": 9 } },
        "20": { "start": { "line": 28, "column": 0 }, "end": { "line": 28, "column": 57 } }
      },
      "fnMap": {
        "0": {
          "name": "localeMiddleware",
          "decl": { "start": { "line": 6, "column": 9 }, "end": { "line": 6, "column": 25 } },
          "loc": { "start": { "line": 6, "column": 42 }, "end": { "line": 26, "column": 1 } },
          "line": 6
        },
        "1": {
          "name": "(anonymous_1)",
          "decl": { "start": { "line": 22, "column": 17 }, "end": { "line": 22, "column": 18 } },
          "loc": { "start": { "line": 22, "column": 32 }, "end": { "line": 22, "column": 52 } },
          "line": 22
        }
      },
      "branchMap": {
        "0": {
          "loc": { "start": { "line": 9, "column": 2 }, "end": { "line": 17, "column": 3 } },
          "type": "if",
          "locations": [
            { "start": { "line": 9, "column": 2 }, "end": { "line": 17, "column": 3 } },
            { "start": { "line": 12, "column": 9 }, "end": { "line": 17, "column": 3 } }
          ],
          "line": 9
        },
        "1": {
          "loc": { "start": { "line": 9, "column": 6 }, "end": { "line": 9, "column": 66 } },
          "type": "binary-expr",
          "locations": [
            { "start": { "line": 9, "column": 6 }, "end": { "line": 9, "column": 20 } },
            { "start": { "line": 9, "column": 24 }, "end": { "line": 9, "column": 66 } }
          ],
          "line": 9
        },
        "2": {
          "loc": { "start": { "line": 11, "column": 4 }, "end": { "line": 11, "column": 49 } },
          "type": "if",
          "locations": [
            { "start": { "line": 11, "column": 4 }, "end": { "line": 11, "column": 49 } },
            { "start": {}, "end": {} }
          ],
          "line": 11
        },
        "3": {
          "loc": { "start": { "line": 12, "column": 9 }, "end": { "line": 17, "column": 3 } },
          "type": "if",
          "locations": [
            { "start": { "line": 12, "column": 9 }, "end": { "line": 17, "column": 3 } },
            { "start": { "line": 14, "column": 9 }, "end": { "line": 17, "column": 3 } }
          ],
          "line": 12
        },
        "4": {
          "loc": { "start": { "line": 12, "column": 13 }, "end": { "line": 12, "column": 46 } },
          "type": "binary-expr",
          "locations": [
            { "start": { "line": 12, "column": 13 }, "end": { "line": 12, "column": 24 } },
            { "start": { "line": 12, "column": 28 }, "end": { "line": 12, "column": 46 } }
          ],
          "line": 12
        },
        "5": {
          "loc": { "start": { "line": 15, "column": 23 }, "end": { "line": 15, "column": 59 } },
          "type": "binary-expr",
          "locations": [
            { "start": { "line": 15, "column": 23 }, "end": { "line": 15, "column": 53 } },
            { "start": { "line": 15, "column": 57 }, "end": { "line": 15, "column": 59 } }
          ],
          "line": 15
        },
        "6": {
          "loc": { "start": { "line": 16, "column": 4 }, "end": { "line": 16, "column": 51 } },
          "type": "if",
          "locations": [
            { "start": { "line": 16, "column": 4 }, "end": { "line": 16, "column": 51 } },
            { "start": {}, "end": {} }
          ],
          "line": 16
        },
        "7": {
          "loc": { "start": { "line": 21, "column": 19 }, "end": { "line": 21, "column": 50 } },
          "type": "cond-expr",
          "locations": [
            { "start": { "line": 21, "column": 37 }, "end": { "line": 21, "column": 42 } },
            { "start": { "line": 21, "column": 45 }, "end": { "line": 21, "column": 50 } }
          ],
          "line": 21
        },
        "8": {
          "loc": { "start": { "line": 23, "column": 21 }, "end": { "line": 23, "column": 66 } },
          "type": "binary-expr",
          "locations": [
            { "start": { "line": 23, "column": 22 }, "end": { "line": 23, "column": 33 } },
            { "start": { "line": 23, "column": 37 }, "end": { "line": 23, "column": 54 } },
            { "start": { "line": 23, "column": 59 }, "end": { "line": 23, "column": 66 } }
          ],
          "line": 23
        }
      },
      "s": {
        "0": 1,
        "1": 1,
        "2": 1,
        "3": 4,
        "4": 4,
        "5": 1,
        "6": 1,
        "7": 1,
        "8": 3,
        "9": 1,
        "10": 2,
        "11": 2,
        "12": 1,
        "13": 4,
        "14": 4,
        "15": 4,
        "16": 4,
        "17": 1,
        "18": 4,
        "19": 4,
        "20": 1
      },
      "f": { "0": 4, "1": 1 },
      "b": {
        "0": [1, 3],
        "1": [4, 2],
        "2": [1, 0],
        "3": [1, 2],
        "4": [3, 1],
        "5": [2, 0],
        "6": [1, 1],
        "7": [2, 2],
        "8": [4, 2, 3]
      },
      "_coverageSchema": "1a1c01bbd47fc00a2c39e90264f33305004495a9",
      "hash": "9d59f62c0beed69d7b45022556fd1e8936b6d5eb"
    }
  }
}
