<?xml version="1.0" encoding="UTF-8"?>
<coverage generated="1774485066388" clover="3.2.0">
  <project timestamp="1774485066388" name="All files">
    <metrics statements="168" coveredstatements="167" conditionals="156" coveredconditionals="148" methods="31" coveredmethods="26" elements="355" coveredelements="341" complexity="0" loc="168" ncloc="168" packages="4" files="8" classes="8"/>
    <package name="lib">
      <metrics statements="8" coveredstatements="8" conditionals="7" coveredconditionals="6" methods="1" coveredmethods="1"/>
      <file name="i18n.js" path="C:\Users\osama\OneDrive\سطح المكتب\Whale_Store\.claude\worktrees\gracious-colden\lib\i18n.js">
        <metrics statements="8" coveredstatements="8" conditionals="7" coveredconditionals="6" methods="1" coveredmethods="1"/>
        <line num="1" count="2" type="stmt"/>
        <line num="230" count="6" type="stmt"/>
        <line num="231" count="6" type="cond" truecount="2" falsecount="0"/>
        <line num="232" count="5" type="cond" truecount="2" falsecount="1"/>
        <line num="233" count="5" type="stmt"/>
        <line num="234" count="1" type="stmt"/>
        <line num="236" count="5" type="stmt"/>
        <line num="239" count="2" type="stmt"/>
      </file>
    </package>
    <package name="middleware">
      <metrics statements="94" coveredstatements="94" conditionals="86" coveredconditionals="83" methods="11" coveredmethods="11"/>
      <file name="auth.js" path="C:\Users\osama\OneDrive\سطح المكتب\Whale_Store\.claude\worktrees\gracious-colden\middleware\auth.js">
        <metrics statements="65" coveredstatements="65" conditionals="55" coveredconditionals="54" methods="8" coveredmethods="8"/>
        <line num="1" count="1" type="stmt"/>
        <line num="3" count="1" type="stmt"/>
        <line num="4" count="1" type="cond" truecount="1" falsecount="1"/>
        <line num="5" count="1" type="stmt"/>
        <line num="8" count="1" type="stmt"/>
        <line num="9" count="2" type="cond" truecount="2" falsecount="0"/>
        <line num="10" count="1" type="stmt"/>
        <line num="11" count="1" type="stmt"/>
        <line num="13" count="1" type="stmt"/>
        <line num="14" count="1" type="stmt"/>
        <line num="17" count="1" type="stmt"/>
        <line num="18" count="2" type="cond" truecount="4" falsecount="0"/>
        <line num="19" count="1" type="stmt"/>
        <line num="25" count="1" type="stmt"/>
        <line num="31" count="1" type="stmt"/>
        <line num="32" count="7" type="stmt"/>
        <line num="33" count="7" type="cond" truecount="2" falsecount="0"/>
        <line num="36" count="6" type="cond" truecount="2" falsecount="0"/>
        <line num="38" count="5" type="cond" truecount="2" falsecount="0"/>
        <line num="39" count="4" type="cond" truecount="2" falsecount="0"/>
        <line num="40" count="1" type="stmt"/>
        <line num="41" count="1" type="stmt"/>
        <line num="44" count="3" type="stmt"/>
        <line num="45" count="3" type="cond" truecount="3" falsecount="0"/>
        <line num="46" count="3" type="cond" truecount="2" falsecount="0"/>
        <line num="48" count="3" type="cond" truecount="4" falsecount="0"/>
        <line num="49" count="1" type="stmt"/>
        <line num="50" count="1" type="stmt"/>
        <line num="53" count="2" type="stmt"/>
        <line num="55" count="1" type="stmt"/>
        <line num="62" count="1" type="stmt"/>
        <line num="63" count="4" type="stmt"/>
        <line num="64" count="4" type="stmt"/>
        <line num="65" count="3" type="cond" truecount="2" falsecount="0"/>
        <line num="67" count="2" type="cond" truecount="2" falsecount="0"/>
        <line num="68" count="2" type="stmt"/>
        <line num="70" count="2" type="cond" truecount="4" falsecount="0"/>
        <line num="71" count="1" type="stmt"/>
        <line num="74" count="1" type="stmt"/>
        <line num="75" count="1" type="stmt"/>
        <line num="77" count="1" type="stmt"/>
        <line num="84" count="1" type="stmt"/>
        <line num="85" count="3" type="cond" truecount="2" falsecount="0"/>
        <line num="86" count="3" type="cond" truecount="2" falsecount="0"/>
        <line num="88" count="2" type="cond" truecount="4" falsecount="0"/>
        <line num="89" count="1" type="stmt"/>
        <line num="91" count="1" type="stmt"/>
        <line num="92" count="1" type="stmt"/>
        <line num="98" count="1" type="stmt"/>
        <line num="99" count="3" type="cond" truecount="2" falsecount="0"/>
        <line num="100" count="3" type="cond" truecount="2" falsecount="0"/>
        <line num="102" count="2" type="cond" truecount="4" falsecount="0"/>
        <line num="103" count="1" type="stmt"/>
        <line num="105" count="1" type="stmt"/>
        <line num="106" count="1" type="stmt"/>
        <line num="112" count="1" type="stmt"/>
        <line num="113" count="4" type="stmt"/>
        <line num="114" count="4" type="stmt"/>
        <line num="115" count="3" type="cond" truecount="2" falsecount="0"/>
        <line num="117" count="2" type="cond" truecount="4" falsecount="0"/>
        <line num="118" count="1" type="stmt"/>
        <line num="120" count="1" type="stmt"/>
        <line num="121" count="1" type="stmt"/>
        <line num="123" count="1" type="stmt"/>
        <line num="127" count="1" type="stmt"/>
      </file>
      <file name="locale.js" path="C:\Users\osama\OneDrive\سطح المكتب\Whale_Store\.claude\worktrees\gracious-colden\middleware\locale.js">
        <metrics statements="18" coveredstatements="18" conditionals="19" coveredconditionals="17" methods="2" coveredmethods="2"/>
        <line num="1" count="1" type="stmt"/>
        <line num="3" count="1" type="stmt"/>
        <line num="4" count="1" type="stmt"/>
        <line num="7" count="4" type="stmt"/>
        <line num="9" count="4" type="cond" truecount="4" falsecount="0"/>
        <line num="10" count="1" type="stmt"/>
        <line num="11" count="1" type="cond" truecount="1" falsecount="1"/>
        <line num="12" count="3" type="cond" truecount="4" falsecount="0"/>
        <line num="13" count="1" type="stmt"/>
        <line num="15" count="2" type="cond" truecount="1" falsecount="1"/>
        <line num="16" count="2" type="cond" truecount="2" falsecount="0"/>
        <line num="19" count="4" type="stmt"/>
        <line num="20" count="4" type="stmt"/>
        <line num="21" count="4" type="cond" truecount="2" falsecount="0"/>
        <line num="22" count="4" type="stmt"/>
        <line num="23" count="4" type="cond" truecount="3" falsecount="0"/>
        <line num="25" count="4" type="stmt"/>
        <line num="28" count="1" type="stmt"/>
      </file>
      <file name="subscription.js" path="C:\Users\osama\OneDrive\سطح المكتب\Whale_Store\.claude\worktrees\gracious-colden\middleware\subscription.js">
        <metrics statements="11" coveredstatements="11" conditionals="12" coveredconditionals="12" methods="1" coveredmethods="1"/>
        <line num="2" count="5" type="cond" truecount="4" falsecount="0"/>
        <line num="3" count="4" type="stmt"/>
        <line num="4" count="4" type="stmt"/>
        <line num="5" count="4" type="cond" truecount="3" falsecount="0"/>
        <line num="6" count="4" type="cond" truecount="2" falsecount="0"/>
        <line num="7" count="4" type="cond" truecount="3" falsecount="0"/>
        <line num="9" count="1" type="stmt"/>
        <line num="10" count="1" type="stmt"/>
        <line num="11" count="1" type="stmt"/>
        <line num="13" count="5" type="stmt"/>
        <line num="16" count="1" type="stmt"/>
      </file>
    </package>
    <package name="services">
      <metrics statements="41" coveredstatements="40" conditionals="41" coveredconditionals="37" methods="14" coveredmethods="9"/>
      <file name="emailService.js" path="C:\Users\osama\OneDrive\سطح المكتب\Whale_Store\.claude\worktrees\gracious-colden\services\emailService.js">
        <metrics statements="17" coveredstatements="16" conditionals="12" coveredconditionals="9" methods="13" coveredmethods="8"/>
        <line num="1" count="1" type="stmt"/>
        <line num="4" count="2" type="stmt"/>
        <line num="17" count="2" type="cond" truecount="2" falsecount="0"/>
        <line num="18" count="1" type="stmt"/>
        <line num="31" count="1" type="cond" truecount="1" falsecount="1"/>
        <line num="32" count="0" type="stmt"/>
        <line num="45" count="2" type="cond" truecount="1" falsecount="1"/>
        <line num="46" count="2" type="cond" truecount="2" falsecount="0"/>
        <line num="47" count="2" type="stmt"/>
        <line num="60" count="2" type="stmt"/>
        <line num="61" count="2" type="cond" truecount="1" falsecount="1"/>
        <line num="62" count="2" type="stmt"/>
        <line num="73" count="2" type="cond" truecount="2" falsecount="0"/>
        <line num="74" count="1" type="stmt"/>
        <line num="85" count="2" type="stmt"/>
        <line num="89" count="1" type="stmt"/>
        <line num="101" count="1" type="stmt"/>
      </file>
      <file name="stateMachine.js" path="C:\Users\osama\OneDrive\سطح المكتب\Whale_Store\.claude\worktrees\gracious-colden\services\stateMachine.js">
        <metrics statements="24" coveredstatements="24" conditionals="29" coveredconditionals="28" methods="1" coveredmethods="1"/>
        <line num="3" count="1" type="stmt"/>
        <line num="11" count="1" type="stmt"/>
        <line num="21" count="23" type="stmt"/>
        <line num="22" count="23" type="stmt"/>
        <line num="24" count="23" type="cond" truecount="4" falsecount="0"/>
        <line num="25" count="5" type="stmt"/>
        <line num="28" count="18" type="stmt"/>
        <line num="29" count="18" type="stmt"/>
        <line num="30" count="18" type="cond" truecount="2" falsecount="0"/>
        <line num="31" count="15" type="cond" truecount="2" falsecount="0"/>
        <line num="32" count="9" type="cond" truecount="1" falsecount="1"/>
        <line num="34" count="18" type="cond" truecount="4" falsecount="0"/>
        <line num="35" count="4" type="stmt"/>
        <line num="38" count="14" type="cond" truecount="4" falsecount="0"/>
        <line num="39" count="1" type="stmt"/>
        <line num="41" count="13" type="cond" truecount="4" falsecount="0"/>
        <line num="42" count="1" type="stmt"/>
        <line num="45" count="12" type="stmt"/>
        <line num="46" count="12" type="cond" truecount="2" falsecount="0"/>
        <line num="47" count="3" type="cond" truecount="2" falsecount="0"/>
        <line num="48" count="2" type="cond" truecount="2" falsecount="0"/>
        <line num="49" count="1" type="stmt"/>
        <line num="52" count="11" type="stmt"/>
        <line num="55" count="1" type="stmt"/>
      </file>
    </package>
    <package name="utils">
      <metrics statements="25" coveredstatements="25" conditionals="22" coveredconditionals="22" methods="5" coveredmethods="5"/>
      <file name="pagination.js" path="C:\Users\osama\OneDrive\سطح المكتب\Whale_Store\.claude\worktrees\gracious-colden\utils\pagination.js">
        <metrics statements="11" coveredstatements="11" conditionals="6" coveredconditionals="6" methods="2" coveredmethods="2"/>
        <line num="1" count="1" type="stmt"/>
        <line num="4" count="2" type="stmt"/>
        <line num="5" count="2" type="cond" truecount="2" falsecount="0"/>
        <line num="6" count="1" type="stmt"/>
        <line num="7" count="1" type="stmt"/>
        <line num="9" count="2" type="stmt"/>
        <line num="13" count="2" type="stmt"/>
        <line num="14" count="2" type="cond" truecount="2" falsecount="0"/>
        <line num="15" count="2" type="cond" truecount="2" falsecount="0"/>
        <line num="16" count="2" type="stmt"/>
        <line num="19" count="1" type="stmt"/>
      </file>
      <file name="sanitize.js" path="C:\Users\osama\OneDrive\سطح المكتب\Whale_Store\.claude\worktrees\gracious-colden\utils\sanitize.js">
        <metrics statements="14" coveredstatements="14" conditionals="16" coveredconditionals="16" methods="3" coveredmethods="3"/>
        <line num="2" count="4" type="cond" truecount="2" falsecount="0"/>
        <line num="3" count="2" type="stmt"/>
        <line num="7" count="4" type="cond" truecount="2" falsecount="0"/>
        <line num="8" count="3" type="cond" truecount="2" falsecount="0"/>
        <line num="12" count="2" type="stmt"/>
        <line num="13" count="2" type="stmt"/>
        <line num="14" count="6" type="cond" truecount="4" falsecount="0"/>
        <line num="15" count="4" type="cond" truecount="2" falsecount="0"/>
        <line num="16" count="1" type="stmt"/>
        <line num="17" count="3" type="cond" truecount="4" falsecount="0"/>
        <line num="18" count="2" type="stmt"/>
        <line num="20" count="1" type="stmt"/>
        <line num="24" count="2" type="stmt"/>
        <line num="27" count="1" type="stmt"/>
      </file>
    </package>
  </project>
</coverage>
