{
  "C:\\Users\\osama\\OneDrive\\سطح المكتب\\Whale_Store\\.claude\\worktrees\\gracious-colden\\lib\\i18n.js": {
    "path": "C:\\Users\\osama\\OneDrive\\سطح المكتب\\Whale_Store\\.claude\\worktrees\\gracious-colden\\lib\\i18n.js",
    "statementMap": {
      "0": { "start": { "line": 1, "column": 21 }, "end": { "line": 220, "column": 1 } },
      "1": { "start": { "line": 230, "column": 16 }, "end": { "line": 230, "column": 33 } },
      "2": { "start": { "line": 231, "column": 2 }, "end": { "line": 231, "column": 25 } },
      "3": { "start": { "line": 231, "column": 14 }, "end": { "line": 231, "column": 25 } },
      "4": { "start": { "line": 232, "column": 13 }, "end": { "line": 232, "column": 45 } },
      "5": { "start": { "line": 233, "column": 2 }, "end": { "line": 235, "column": 3 } },
      "6": { "start": { "line": 234, "column": 4 }, "end": { "line": 234, "column": 58 } },
      "7": { "start": { "line": 236, "column": 2 }, "end": { "line": 236, "column": 14 } },
      "8": { "start": { "line": 239, "column": 0 }, "end": { "line": 239, "column": 37 } }
    },
    "fnMap": {
      "0": {
        "name": "t",
        "decl": { "start": { "line": 229, "column": 9 }, "end": { "line": 229, "column": 10 } },
        "loc": { "start": { "line": 229, "column": 42 }, "end": { "line": 237, "column": 1 } },
        "line": 229
      }
    },
    "branchMap": {
      "0": {
        "loc": { "start": { "line": 229, "column": 16 }, "end": { "line": 229, "column": 29 } },
        "type": "default-arg",
        "locations": [
          { "start": { "line": 229, "column": 25 }, "end": { "line": 229, "column": 29 } }
        ],
        "line": 229
      },
      "1": {
        "loc": { "start": { "line": 229, "column": 31 }, "end": { "line": 229, "column": 40 } },
        "type": "default-arg",
        "locations": [
          { "start": { "line": 229, "column": 38 }, "end": { "line": 229, "column": 40 } }
        ],
        "line": 229
      },
      "2": {
        "loc": { "start": { "line": 231, "column": 2 }, "end": { "line": 231, "column": 25 } },
        "type": "if",
        "locations": [
          { "start": { "line": 231, "column": 2 }, "end": { "line": 231, "column": 25 } },
          { "start": {}, "end": {} }
        ],
        "line": 231
      },
      "3": {
        "loc": { "start": { "line": 232, "column": 13 }, "end": { "line": 232, "column": 45 } },
        "type": "binary-expr",
        "locations": [
          { "start": { "line": 232, "column": 13 }, "end": { "line": 232, "column": 26 } },
          { "start": { "line": 232, "column": 30 }, "end": { "line": 232, "column": 38 } },
          { "start": { "line": 232, "column": 42 }, "end": { "line": 232, "column": 45 } }
        ],
        "line": 232
      }
    },
    "s": { "0": 2, "1": 6, "2": 6, "3": 1, "4": 5, "5": 5, "6": 1, "7": 5, "8": 2 },
    "f": { "0": 6 },
    "b": { "0": [1], "1": [5], "2": [1, 5], "3": [5, 1, 0] },
    "_coverageSchema": "1a1c01bbd47fc00a2c39e90264f33305004495a9",
    "hash": "29c9eaa85e61a6d5e0620a51643373b74d65431e"
  },
  "C:\\Users\\osama\\OneDrive\\سطح المكتب\\Whale_Store\\.claude\\worktrees\\gracious-colden\\middleware\\auth.js": {
    "path": "C:\\Users\\osama\\OneDrive\\سطح المكتب\\Whale_Store\\.claude\\worktrees\\gracious-colden\\middleware\\auth.js",
    "statementMap": {
      "0": { "start": { "line": 1, "column": 15 }, "end": { "line": 1, "column": 39 } },
      "1": { "start": { "line": 3, "column": 21 }, "end": { "line": 6, "column": 1 } },
      "2": { "start": { "line": 4, "column": 2 }, "end": { "line": 4, "column": 37 } },
      "3": { "start": { "line": 5, "column": 2 }, "end": { "line": 5, "column": 9 } },
      "4": { "start": { "line": 8, "column": 20 }, "end": { "line": 15, "column": 1 } },
      "5": { "start": { "line": 9, "column": 2 }, "end": { "line": 12, "column": 3 } },
      "6": { "start": { "line": 10, "column": 4 }, "end": { "line": 10, "column": 76 } },
      "7": { "start": { "line": 11, "column": 4 }, "end": { "line": 11, "column": 83 } },
      "8": { "start": { "line": 13, "column": 2 }, "end": { "line": 13, "column": 29 } },
      "9": { "start": { "line": 14, "column": 2 }, "end": { "line": 14, "column": 9 } },
      "10": { "start": { "line": 17, "column": 21 }, "end": { "line": 26, "column": 1 } },
      "11": { "start": { "line": 18, "column": 2 }, "end": { "line": 24, "column": 3 } },
      "12": { "start": { "line": 19, "column": 4 }, "end": { "line": 23, "column": 7 } },
      "13": { "start": { "line": 25, "column": 2 }, "end": { "line": 25, "column": 9 } },
      "14": { "start": { "line": 31, "column": 19 }, "end": { "line": 57, "column": 1 } },
      "15": { "start": { "line": 32, "column": 2 }, "end": { "line": 56, "column": 3 } },
      "16": { "start": { "line": 33, "column": 4 }, "end": { "line": 33, "column": 98 } },
      "17": { "start": { "line": 33, "column": 19 }, "end": { "line": 33, "column": 98 } },
      "18": { "start": { "line": 36, "column": 4 }, "end": { "line": 36, "column": 49 } },
      "19": { "start": { "line": 36, "column": 35 }, "end": { "line": 36, "column": 49 } },
      "20": { "start": { "line": 38, "column": 16 }, "end": { "line": 38, "column": 113 } },
      "21": { "start": { "line": 39, "column": 4 }, "end": { "line": 42, "column": 5 } },
      "22": { "start": { "line": 40, "column": 6 }, "end": { "line": 40, "column": 77 } },
      "23": { "start": { "line": 41, "column": 6 }, "end": { "line": 41, "column": 38 } },
      "24": { "start": { "line": 44, "column": 16 }, "end": { "line": 44, "column": 26 } },
      "25": { "start": { "line": 45, "column": 18 }, "end": { "line": 45, "column": 76 } },
      "26": { "start": { "line": 46, "column": 20 }, "end": { "line": 46, "column": 60 } },
      "27": { "start": { "line": 48, "column": 4 }, "end": { "line": 51, "column": 5 } },
      "28": { "start": { "line": 49, "column": 6 }, "end": { "line": 49, "column": 77 } },
      "29": { "start": { "line": 50, "column": 6 }, "end": { "line": 50, "column": 38 } },
      "30": { "start": { "line": 53, "column": 4 }, "end": { "line": 53, "column": 11 } },
      "31": { "start": { "line": 55, "column": 4 }, "end": { "line": 55, "column": 14 } },
      "32": { "start": { "line": 62, "column": 26 }, "end": { "line": 79, "column": 1 } },
      "33": { "start": { "line": 63, "column": 2 }, "end": { "line": 78, "column": 3 } },
      "34": { "start": { "line": 64, "column": 18 }, "end": { "line": 64, "column": 81 } },
      "35": { "start": { "line": 65, "column": 4 }, "end": { "line": 65, "column": 71 } },
      "36": { "start": { "line": 65, "column": 16 }, "end": { "line": 65, "column": 71 } },
      "37": { "start": { "line": 67, "column": 20 }, "end": { "line": 67, "column": 83 } },
      "38": { "start": { "line": 68, "column": 20 }, "end": { "line": 68, "column": 45 } },
      "39": { "start": { "line": 70, "column": 4 }, "end": { "line": 72, "column": 5 } },
      "40": { "start": { "line": 71, "column": 6 }, "end": { "line": 71, "column": 126 } },
      "41": { "start": { "line": 74, "column": 4 }, "end": { "line": 74, "column": 22 } },
      "42": { "start": { "line": 75, "column": 4 }, "end": { "line": 75, "column": 11 } },
      "43": { "start": { "line": 77, "column": 4 }, "end": { "line": 77, "column": 14 } },
      "44": { "start": { "line": 84, "column": 22 }, "end": { "line": 93, "column": 1 } },
      "45": { "start": { "line": 85, "column": 16 }, "end": { "line": 85, "column": 92 } },
      "46": { "start": { "line": 86, "column": 2 }, "end": { "line": 86, "column": 69 } },
      "47": { "start": { "line": 86, "column": 14 }, "end": { "line": 86, "column": 69 } },
      "48": { "start": { "line": 88, "column": 2 }, "end": { "line": 90, "column": 3 } },
      "49": { "start": { "line": 89, "column": 4 }, "end": { "line": 89, "column": 133 } },
      "50": { "start": { "line": 91, "column": 2 }, "end": { "line": 91, "column": 20 } },
      "51": { "start": { "line": 92, "column": 2 }, "end": { "line": 92, "column": 9 } },
      "52": { "start": { "line": 98, "column": 21 }, "end": { "line": 107, "column": 1 } },
      "53": { "start": { "line": 99, "column": 16 }, "end": { "line": 99, "column": 92 } },
      "54": { "start": { "line": 100, "column": 2 }, "end": { "line": 100, "column": 69 } },
      "55": { "start": { "line": 100, "column": 14 }, "end": { "line": 100, "column": 69 } },
      "56": { "start": { "line": 102, "column": 2 }, "end": { "line": 104, "column": 3 } },
      "57": { "start": { "line": 103, "column": 4 }, "end": { "line": 103, "column": 132 } },
      "58": { "start": { "line": 105, "column": 2 }, "end": { "line": 105, "column": 20 } },
      "59": { "start": { "line": 106, "column": 2 }, "end": { "line": 106, "column": 9 } },
      "60": { "start": { "line": 112, "column": 21 }, "end": { "line": 125, "column": 1 } },
      "61": { "start": { "line": 113, "column": 2 }, "end": { "line": 124, "column": 3 } },
      "62": { "start": { "line": 114, "column": 20 }, "end": { "line": 114, "column": 85 } },
      "63": { "start": { "line": 115, "column": 4 }, "end": { "line": 115, "column": 73 } },
      "64": { "start": { "line": 115, "column": 18 }, "end": { "line": 115, "column": 73 } },
      "65": { "start": { "line": 117, "column": 4 }, "end": { "line": 119, "column": 5 } },
      "66": { "start": { "line": 118, "column": 6 }, "end": { "line": 118, "column": 123 } },
      "67": { "start": { "line": 120, "column": 4 }, "end": { "line": 120, "column": 26 } },
      "68": { "start": { "line": 121, "column": 4 }, "end": { "line": 121, "column": 11 } },
      "69": { "start": { "line": 123, "column": 4 }, "end": { "line": 123, "column": 14 } },
      "70": { "start": { "line": 127, "column": 0 }, "end": { "line": 136, "column": 2 } }
    },
    "fnMap": {
      "0": {
        "name": "(anonymous_0)",
        "decl": { "start": { "line": 3, "column": 21 }, "end": { "line": 3, "column": 22 } },
        "loc": { "start": { "line": 3, "column": 41 }, "end": { "line": 6, "column": 1 } },
        "line": 3
      },
      "1": {
        "name": "(anonymous_1)",
        "decl": { "start": { "line": 8, "column": 20 }, "end": { "line": 8, "column": 21 } },
        "loc": { "start": { "line": 8, "column": 40 }, "end": { "line": 15, "column": 1 } },
        "line": 8
      },
      "2": {
        "name": "(anonymous_2)",
        "decl": { "start": { "line": 17, "column": 21 }, "end": { "line": 17, "column": 22 } },
        "loc": { "start": { "line": 17, "column": 41 }, "end": { "line": 26, "column": 1 } },
        "line": 17
      },
      "3": {
        "name": "(anonymous_3)",
        "decl": { "start": { "line": 31, "column": 19 }, "end": { "line": 31, "column": 20 } },
        "loc": { "start": { "line": 31, "column": 45 }, "end": { "line": 57, "column": 1 } },
        "line": 31
      },
      "4": {
        "name": "(anonymous_4)",
        "decl": { "start": { "line": 62, "column": 26 }, "end": { "line": 62, "column": 27 } },
        "loc": { "start": { "line": 62, "column": 52 }, "end": { "line": 79, "column": 1 } },
        "line": 62
      },
      "5": {
        "name": "(anonymous_5)",
        "decl": { "start": { "line": 84, "column": 22 }, "end": { "line": 84, "column": 23 } },
        "loc": { "start": { "line": 84, "column": 48 }, "end": { "line": 93, "column": 1 } },
        "line": 84
      },
      "6": {
        "name": "(anonymous_6)",
        "decl": { "start": { "line": 98, "column": 21 }, "end": { "line": 98, "column": 22 } },
        "loc": { "start": { "line": 98, "column": 47 }, "end": { "line": 107, "column": 1 } },
        "line": 98
      },
      "7": {
        "name": "(anonymous_7)",
        "decl": { "start": { "line": 112, "column": 21 }, "end": { "line": 112, "column": 22 } },
        "loc": { "start": { "line": 112, "column": 47 }, "end": { "line": 125, "column": 1 } },
        "line": 112
      }
    },
    "branchMap": {
      "0": {
        "loc": { "start": { "line": 4, "column": 20 }, "end": { "line": 4, "column": 36 } },
        "type": "binary-expr",
        "locations": [
          { "start": { "line": 4, "column": 20 }, "end": { "line": 4, "column": 28 } },
          { "start": { "line": 4, "column": 32 }, "end": { "line": 4, "column": 36 } }
        ],
        "line": 4
      },
      "1": {
        "loc": { "start": { "line": 9, "column": 2 }, "end": { "line": 12, "column": 3 } },
        "type": "if",
        "locations": [
          { "start": { "line": 9, "column": 2 }, "end": { "line": 12, "column": 3 } },
          { "start": {}, "end": {} }
        ],
        "line": 9
      },
      "2": {
        "loc": { "start": { "line": 18, "column": 2 }, "end": { "line": 24, "column": 3 } },
        "type": "if",
        "locations": [
          { "start": { "line": 18, "column": 2 }, "end": { "line": 24, "column": 3 } },
          { "start": {}, "end": {} }
        ],
        "line": 18
      },
      "3": {
        "loc": { "start": { "line": 18, "column": 6 }, "end": { "line": 18, "column": 44 } },
        "type": "binary-expr",
        "locations": [
          { "start": { "line": 18, "column": 6 }, "end": { "line": 18, "column": 15 } },
          { "start": { "line": 18, "column": 19 }, "end": { "line": 18, "column": 44 } }
        ],
        "line": 18
      },
      "4": {
        "loc": { "start": { "line": 33, "column": 4 }, "end": { "line": 33, "column": 98 } },
        "type": "if",
        "locations": [
          { "start": { "line": 33, "column": 4 }, "end": { "line": 33, "column": 98 } },
          { "start": {}, "end": {} }
        ],
        "line": 33
      },
      "5": {
        "loc": { "start": { "line": 36, "column": 4 }, "end": { "line": 36, "column": 49 } },
        "type": "if",
        "locations": [
          { "start": { "line": 36, "column": 4 }, "end": { "line": 36, "column": 49 } },
          { "start": {}, "end": {} }
        ],
        "line": 36
      },
      "6": {
        "loc": { "start": { "line": 38, "column": 16 }, "end": { "line": 38, "column": 113 } },
        "type": "binary-expr",
        "locations": [
          { "start": { "line": 38, "column": 16 }, "end": { "line": 38, "column": 37 } },
          { "start": { "line": 38, "column": 41 }, "end": { "line": 38, "column": 113 } }
        ],
        "line": 38
      },
      "7": {
        "loc": { "start": { "line": 39, "column": 4 }, "end": { "line": 42, "column": 5 } },
        "type": "if",
        "locations": [
          { "start": { "line": 39, "column": 4 }, "end": { "line": 42, "column": 5 } },
          { "start": {}, "end": {} }
        ],
        "line": 39
      },
      "8": {
        "loc": { "start": { "line": 45, "column": 18 }, "end": { "line": 45, "column": 76 } },
        "type": "binary-expr",
        "locations": [
          { "start": { "line": 45, "column": 18 }, "end": { "line": 45, "column": 36 } },
          { "start": { "line": 45, "column": 40 }, "end": { "line": 45, "column": 53 } },
          { "start": { "line": 45, "column": 57 }, "end": { "line": 45, "column": 76 } }
        ],
        "line": 45
      },
      "9": {
        "loc": { "start": { "line": 46, "column": 20 }, "end": { "line": 46, "column": 60 } },
        "type": "binary-expr",
        "locations": [
          { "start": { "line": 46, "column": 20 }, "end": { "line": 46, "column": 35 } },
          { "start": { "line": 46, "column": 39 }, "end": { "line": 46, "column": 60 } }
        ],
        "line": 46
      },
      "10": {
        "loc": { "start": { "line": 48, "column": 4 }, "end": { "line": 51, "column": 5 } },
        "type": "if",
        "locations": [
          { "start": { "line": 48, "column": 4 }, "end": { "line": 51, "column": 5 } },
          { "start": {}, "end": {} }
        ],
        "line": 48
      },
      "11": {
        "loc": { "start": { "line": 48, "column": 8 }, "end": { "line": 48, "column": 26 } },
        "type": "binary-expr",
        "locations": [
          { "start": { "line": 48, "column": 8 }, "end": { "line": 48, "column": 14 } },
          { "start": { "line": 48, "column": 18 }, "end": { "line": 48, "column": 26 } }
        ],
        "line": 48
      },
      "12": {
        "loc": { "start": { "line": 65, "column": 4 }, "end": { "line": 65, "column": 71 } },
        "type": "if",
        "locations": [
          { "start": { "line": 65, "column": 4 }, "end": { "line": 65, "column": 71 } },
          { "start": {}, "end": {} }
        ],
        "line": 65
      },
      "13": {
        "loc": { "start": { "line": 67, "column": 20 }, "end": { "line": 67, "column": 83 } },
        "type": "binary-expr",
        "locations": [
          { "start": { "line": 67, "column": 20 }, "end": { "line": 67, "column": 49 } },
          { "start": { "line": 67, "column": 53 }, "end": { "line": 67, "column": 83 } }
        ],
        "line": 67
      },
      "14": {
        "loc": { "start": { "line": 70, "column": 4 }, "end": { "line": 72, "column": 5 } },
        "type": "if",
        "locations": [
          { "start": { "line": 70, "column": 4 }, "end": { "line": 72, "column": 5 } },
          { "start": {}, "end": {} }
        ],
        "line": 70
      },
      "15": {
        "loc": { "start": { "line": 70, "column": 8 }, "end": { "line": 70, "column": 28 } },
        "type": "binary-expr",
        "locations": [
          { "start": { "line": 70, "column": 8 }, "end": { "line": 70, "column": 16 } },
          { "start": { "line": 70, "column": 20 }, "end": { "line": 70, "column": 28 } }
        ],
        "line": 70
      },
      "16": {
        "loc": { "start": { "line": 85, "column": 16 }, "end": { "line": 85, "column": 92 } },
        "type": "binary-expr",
        "locations": [
          { "start": { "line": 85, "column": 16 }, "end": { "line": 85, "column": 25 } },
          { "start": { "line": 85, "column": 29 }, "end": { "line": 85, "column": 92 } }
        ],
        "line": 85
      },
      "17": {
        "loc": { "start": { "line": 86, "column": 2 }, "end": { "line": 86, "column": 69 } },
        "type": "if",
        "locations": [
          { "start": { "line": 86, "column": 2 }, "end": { "line": 86, "column": 69 } },
          { "start": {}, "end": {} }
        ],
        "line": 86
      },
      "18": {
        "loc": { "start": { "line": 88, "column": 2 }, "end": { "line": 90, "column": 3 } },
        "type": "if",
        "locations": [
          { "start": { "line": 88, "column": 2 }, "end": { "line": 90, "column": 3 } },
          { "start": {}, "end": {} }
        ],
        "line": 88
      },
      "19": {
        "loc": { "start": { "line": 88, "column": 6 }, "end": { "line": 88, "column": 65 } },
        "type": "binary-expr",
        "locations": [
          { "start": { "line": 88, "column": 6 }, "end": { "line": 88, "column": 36 } },
          { "start": { "line": 88, "column": 40 }, "end": { "line": 88, "column": 65 } }
        ],
        "line": 88
      },
      "20": {
        "loc": { "start": { "line": 99, "column": 16 }, "end": { "line": 99, "column": 92 } },
        "type": "binary-expr",
        "locations": [
          { "start": { "line": 99, "column": 16 }, "end": { "line": 99, "column": 25 } },
          { "start": { "line": 99, "column": 29 }, "end": { "line": 99, "column": 92 } }
        ],
        "line": 99
      },
      "21": {
        "loc": { "start": { "line": 100, "column": 2 }, "end": { "line": 100, "column": 69 } },
        "type": "if",
        "locations": [
          { "start": { "line": 100, "column": 2 }, "end": { "line": 100, "column": 69 } },
          { "start": {}, "end": {} }
        ],
        "line": 100
      },
      "22": {
        "loc": { "start": { "line": 102, "column": 2 }, "end": { "line": 104, "column": 3 } },
        "type": "if",
        "locations": [
          { "start": { "line": 102, "column": 2 }, "end": { "line": 104, "column": 3 } },
          { "start": {}, "end": {} }
        ],
        "line": 102
      },
      "23": {
        "loc": { "start": { "line": 102, "column": 6 }, "end": { "line": 102, "column": 64 } },
        "type": "binary-expr",
        "locations": [
          { "start": { "line": 102, "column": 6 }, "end": { "line": 102, "column": 35 } },
          { "start": { "line": 102, "column": 39 }, "end": { "line": 102, "column": 64 } }
        ],
        "line": 102
      },
      "24": {
        "loc": { "start": { "line": 115, "column": 4 }, "end": { "line": 115, "column": 73 } },
        "type": "if",
        "locations": [
          { "start": { "line": 115, "column": 4 }, "end": { "line": 115, "column": 73 } },
          { "start": {}, "end": {} }
        ],
        "line": 115
      },
      "25": {
        "loc": { "start": { "line": 117, "column": 4 }, "end": { "line": 119, "column": 5 } },
        "type": "if",
        "locations": [
          { "start": { "line": 117, "column": 4 }, "end": { "line": 119, "column": 5 } },
          { "start": {}, "end": {} }
        ],
        "line": 117
      },
      "26": {
        "loc": { "start": { "line": 117, "column": 8 }, "end": { "line": 117, "column": 69 } },
        "type": "binary-expr",
        "locations": [
          { "start": { "line": 117, "column": 8 }, "end": { "line": 117, "column": 40 } },
          { "start": { "line": 117, "column": 44 }, "end": { "line": 117, "column": 69 } }
        ],
        "line": 117
      }
    },
    "s": {
      "0": 1,
      "1": 1,
      "2": 1,
      "3": 1,
      "4": 1,
      "5": 2,
      "6": 1,
      "7": 1,
      "8": 1,
      "9": 1,
      "10": 1,
      "11": 2,
      "12": 1,
      "13": 1,
      "14": 1,
      "15": 7,
      "16": 7,
      "17": 1,
      "18": 6,
      "19": 1,
      "20": 5,
      "21": 4,
      "22": 1,
      "23": 1,
      "24": 3,
      "25": 3,
      "26": 3,
      "27": 3,
      "28": 1,
      "29": 1,
      "30": 2,
      "31": 1,
      "32": 1,
      "33": 4,
      "34": 4,
      "35": 3,
      "36": 1,
      "37": 2,
      "38": 2,
      "39": 2,
      "40": 1,
      "41": 1,
      "42": 1,
      "43": 1,
      "44": 1,
      "45": 3,
      "46": 3,
      "47": 1,
      "48": 2,
      "49": 1,
      "50": 1,
      "51": 1,
      "52": 1,
      "53": 3,
      "54": 3,
      "55": 1,
      "56": 2,
      "57": 1,
      "58": 1,
      "59": 1,
      "60": 1,
      "61": 4,
      "62": 4,
      "63": 3,
      "64": 1,
      "65": 2,
      "66": 1,
      "67": 1,
      "68": 1,
      "69": 1,
      "70": 1
    },
    "f": { "0": 1, "1": 2, "2": 2, "3": 7, "4": 4, "5": 3, "6": 3, "7": 4 },
    "b": {
      "0": [1, 0],
      "1": [1, 1],
      "2": [1, 1],
      "3": [2, 2],
      "4": [1, 6],
      "5": [1, 5],
      "6": [5, 4],
      "7": [1, 3],
      "8": [3, 2, 2],
      "9": [3, 2],
      "10": [1, 2],
      "11": [3, 2],
      "12": [1, 2],
      "13": [2, 1],
      "14": [1, 1],
      "15": [2, 1],
      "16": [3, 2],
      "17": [1, 2],
      "18": [1, 1],
      "19": [2, 1],
      "20": [3, 2],
      "21": [1, 2],
      "22": [1, 1],
      "23": [2, 1],
      "24": [1, 2],
      "25": [1, 1],
      "26": [2, 1]
    },
    "_coverageSchema": "1a1c01bbd47fc00a2c39e90264f33305004495a9",
    "hash": "081b49af1135296e991d55857ca4854555367649"
  },
  "C:\\Users\\osama\\OneDrive\\سطح المكتب\\Whale_Store\\.claude\\worktrees\\gracious-colden\\middleware\\locale.js": {
    "path": "C:\\Users\\osama\\OneDrive\\سطح المكتب\\Whale_Store\\.claude\\worktrees\\gracious-colden\\middleware\\locale.js",
    "statementMap": {
      "0": { "start": { "line": 1, "column": 14 }, "end": { "line": 1, "column": 36 } },
      "1": { "start": { "line": 3, "column": 26 }, "end": { "line": 3, "column": 38 } },
      "2": { "start": { "line": 4, "column": 23 }, "end": { "line": 4, "column": 27 } },
      "3": { "start": { "line": 7, "column": 15 }, "end": { "line": 7, "column": 29 } },
      "4": { "start": { "line": 9, "column": 2 }, "end": { "line": 17, "column": 3 } },
      "5": { "start": { "line": 10, "column": 4 }, "end": { "line": 10, "column": 28 } },
      "6": { "start": { "line": 11, "column": 4 }, "end": { "line": 11, "column": 49 } },
      "7": { "start": { "line": 11, "column": 21 }, "end": { "line": 11, "column": 49 } },
      "8": { "start": { "line": 12, "column": 9 }, "end": { "line": 17, "column": 3 } },
      "9": { "start": { "line": 13, "column": 4 }, "end": { "line": 13, "column": 32 } },
      "10": { "start": { "line": 15, "column": 23 }, "end": { "line": 15, "column": 59 } },
      "11": { "start": { "line": 16, "column": 4 }, "end": { "line": 16, "column": 51 } },
      "12": { "start": { "line": 16, "column": 37 }, "end": { "line": 16, "column": 51 } },
      "13": { "start": { "line": 19, "column": 2 }, "end": { "line": 19, "column": 22 } },
      "14": { "start": { "line": 20, "column": 2 }, "end": { "line": 20, "column": 29 } },
      "15": { "start": { "line": 21, "column": 2 }, "end": { "line": 21, "column": 51 } },
      "16": { "start": { "line": 22, "column": 2 }, "end": { "line": 22, "column": 53 } },
      "17": { "start": { "line": 22, "column": 32 }, "end": { "line": 22, "column": 52 } },
      "18": { "start": { "line": 23, "column": 2 }, "end": { "line": 23, "column": 67 } },
      "19": { "start": { "line": 25, "column": 2 }, "end": { "line": 25, "column": 9 } },
      "20": { "start": { "line": 28, "column": 0 }, "end": { "line": 28, "column": 57 } }
    },
    "fnMap": {
      "0": {
        "name": "localeMiddleware",
        "decl": { "start": { "line": 6, "column": 9 }, "end": { "line": 6, "column": 25 } },
        "loc": { "start": { "line": 6, "column": 42 }, "end": { "line": 26, "column": 1 } },
        "line": 6
      },
      "1": {
        "name": "(anonymous_1)",
        "decl": { "start": { "line": 22, "column": 17 }, "end": { "line": 22, "column": 18 } },
        "loc": { "start": { "line": 22, "column": 32 }, "end": { "line": 22, "column": 52 } },
        "line": 22
      }
    },
    "branchMap": {
      "0": {
        "loc": { "start": { "line": 9, "column": 2 }, "end": { "line": 17, "column": 3 } },
        "type": "if",
        "locations": [
          { "start": { "line": 9, "column": 2 }, "end": { "line": 17, "column": 3 } },
          { "start": { "line": 12, "column": 9 }, "end": { "line": 17, "column": 3 } }
        ],
        "line": 9
      },
      "1": {
        "loc": { "start": { "line": 9, "column": 6 }, "end": { "line": 9, "column": 66 } },
        "type": "binary-expr",
        "locations": [
          { "start": { "line": 9, "column": 6 }, "end": { "line": 9, "column": 20 } },
          { "start": { "line": 9, "column": 24 }, "end": { "line": 9, "column": 66 } }
        ],
        "line": 9
      },
      "2": {
        "loc": { "start": { "line": 11, "column": 4 }, "end": { "line": 11, "column": 49 } },
        "type": "if",
        "locations": [
          { "start": { "line": 11, "column": 4 }, "end": { "line": 11, "column": 49 } },
          { "start": {}, "end": {} }
        ],
        "line": 11
      },
      "3": {
        "loc": { "start": { "line": 12, "column": 9 }, "end": { "line": 17, "column": 3 } },
        "type": "if",
        "locations": [
          { "start": { "line": 12, "column": 9 }, "end": { "line": 17, "column": 3 } },
          { "start": { "line": 14, "column": 9 }, "end": { "line": 17, "column": 3 } }
        ],
        "line": 12
      },
      "4": {
        "loc": { "start": { "line": 12, "column": 13 }, "end": { "line": 12, "column": 46 } },
        "type": "binary-expr",
        "locations": [
          { "start": { "line": 12, "column": 13 }, "end": { "line": 12, "column": 24 } },
          { "start": { "line": 12, "column": 28 }, "end": { "line": 12, "column": 46 } }
        ],
        "line": 12
      },
      "5": {
        "loc": { "start": { "line": 15, "column": 23 }, "end": { "line": 15, "column": 59 } },
        "type": "binary-expr",
        "locations": [
          { "start": { "line": 15, "column": 23 }, "end": { "line": 15, "column": 53 } },
          { "start": { "line": 15, "column": 57 }, "end": { "line": 15, "column": 59 } }
        ],
        "line": 15
      },
      "6": {
        "loc": { "start": { "line": 16, "column": 4 }, "end": { "line": 16, "column": 51 } },
        "type": "if",
        "locations": [
          { "start": { "line": 16, "column": 4 }, "end": { "line": 16, "column": 51 } },
          { "start": {}, "end": {} }
        ],
        "line": 16
      },
      "7": {
        "loc": { "start": { "line": 21, "column": 19 }, "end": { "line": 21, "column": 50 } },
        "type": "cond-expr",
        "locations": [
          { "start": { "line": 21, "column": 37 }, "end": { "line": 21, "column": 42 } },
          { "start": { "line": 21, "column": 45 }, "end": { "line": 21, "column": 50 } }
        ],
        "line": 21
      },
      "8": {
        "loc": { "start": { "line": 23, "column": 21 }, "end": { "line": 23, "column": 66 } },
        "type": "binary-expr",
        "locations": [
          { "start": { "line": 23, "column": 22 }, "end": { "line": 23, "column": 33 } },
          { "start": { "line": 23, "column": 37 }, "end": { "line": 23, "column": 54 } },
          { "start": { "line": 23, "column": 59 }, "end": { "line": 23, "column": 66 } }
        ],
        "line": 23
      }
    },
    "s": {
      "0": 1,
      "1": 1,
      "2": 1,
      "3": 4,
      "4": 4,
      "5": 1,
      "6": 1,
      "7": 1,
      "8": 3,
      "9": 1,
      "10": 2,
      "11": 2,
      "12": 1,
      "13": 4,
      "14": 4,
      "15": 4,
      "16": 4,
      "17": 1,
      "18": 4,
      "19": 4,
      "20": 1
    },
    "f": { "0": 4, "1": 1 },
    "b": {
      "0": [1, 3],
      "1": [4, 2],
      "2": [1, 0],
      "3": [1, 2],
      "4": [3, 1],
      "5": [2, 0],
      "6": [1, 1],
      "7": [2, 2],
      "8": [4, 2, 3]
    },
    "_coverageSchema": "1a1c01bbd47fc00a2c39e90264f33305004495a9",
    "hash": "9d59f62c0beed69d7b45022556fd1e8936b6d5eb"
  },
  "C:\\Users\\osama\\OneDrive\\سطح المكتب\\Whale_Store\\.claude\\worktrees\\gracious-colden\\middleware\\subscription.js": {
    "path": "C:\\Users\\osama\\OneDrive\\سطح المكتب\\Whale_Store\\.claude\\worktrees\\gracious-colden\\middleware\\subscription.js",
    "statementMap": {
      "0": { "start": { "line": 2, "column": 2 }, "end": { "line": 12, "column": 3 } },
      "1": { "start": { "line": 3, "column": 16 }, "end": { "line": 3, "column": 37 } },
      "2": { "start": { "line": 4, "column": 16 }, "end": { "line": 4, "column": 26 } },
      "3": { "start": { "line": 5, "column": 4 }, "end": { "line": 5, "column": 82 } },
      "4": { "start": { "line": 6, "column": 4 }, "end": { "line": 6, "column": 70 } },
      "5": { "start": { "line": 7, "column": 4 }, "end": { "line": 7, "column": 93 } },
      "6": { "start": { "line": 9, "column": 4 }, "end": { "line": 9, "column": 29 } },
      "7": { "start": { "line": 10, "column": 4 }, "end": { "line": 10, "column": 31 } },
      "8": { "start": { "line": 11, "column": 4 }, "end": { "line": 11, "column": 31 } },
      "9": { "start": { "line": 13, "column": 2 }, "end": { "line": 13, "column": 9 } },
      "10": { "start": { "line": 16, "column": 0 }, "end": { "line": 16, "column": 44 } }
    },
    "fnMap": {
      "0": {
        "name": "subscriptionMiddleware",
        "decl": { "start": { "line": 1, "column": 15 }, "end": { "line": 1, "column": 37 } },
        "loc": { "start": { "line": 1, "column": 54 }, "end": { "line": 14, "column": 1 } },
        "line": 1
      }
    },
    "branchMap": {
      "0": {
        "loc": { "start": { "line": 2, "column": 2 }, "end": { "line": 12, "column": 3 } },
        "type": "if",
        "locations": [
          { "start": { "line": 2, "column": 2 }, "end": { "line": 12, "column": 3 } },
          { "start": { "line": 8, "column": 9 }, "end": { "line": 12, "column": 3 } }
        ],
        "line": 2
      },
      "1": {
        "loc": { "start": { "line": 2, "column": 6 }, "end": { "line": 2, "column": 39 } },
        "type": "binary-expr",
        "locations": [
          { "start": { "line": 2, "column": 6 }, "end": { "line": 2, "column": 14 } },
          { "start": { "line": 2, "column": 18 }, "end": { "line": 2, "column": 39 } }
        ],
        "line": 2
      },
      "2": {
        "loc": { "start": { "line": 5, "column": 23 }, "end": { "line": 5, "column": 81 } },
        "type": "binary-expr",
        "locations": [
          { "start": { "line": 5, "column": 23 }, "end": { "line": 5, "column": 41 } },
          { "start": { "line": 5, "column": 45 }, "end": { "line": 5, "column": 58 } },
          { "start": { "line": 5, "column": 62 }, "end": { "line": 5, "column": 81 } }
        ],
        "line": 5
      },
      "3": {
        "loc": { "start": { "line": 6, "column": 28 }, "end": { "line": 6, "column": 68 } },
        "type": "binary-expr",
        "locations": [
          { "start": { "line": 6, "column": 28 }, "end": { "line": 6, "column": 43 } },
          { "start": { "line": 6, "column": 47 }, "end": { "line": 6, "column": 68 } }
        ],
        "line": 6
      },
      "4": {
        "loc": { "start": { "line": 7, "column": 25 }, "end": { "line": 7, "column": 92 } },
        "type": "binary-expr",
        "locations": [
          { "start": { "line": 7, "column": 25 }, "end": { "line": 7, "column": 41 } },
          { "start": { "line": 7, "column": 45 }, "end": { "line": 7, "column": 63 } },
          { "start": { "line": 7, "column": 67 }, "end": { "line": 7, "column": 92 } }
        ],
        "line": 7
      }
    },
    "s": {
      "0": 5,
      "1": 4,
      "2": 4,
      "3": 4,
      "4": 4,
      "5": 4,
      "6": 1,
      "7": 1,
      "8": 1,
      "9": 5,
      "10": 1
    },
    "f": { "0": 5 },
    "b": { "0": [4, 1], "1": [5, 4], "2": [4, 2, 2], "3": [4, 3], "4": [4, 3, 2] },
    "_coverageSchema": "1a1c01bbd47fc00a2c39e90264f33305004495a9",
    "hash": "30910e0b62df95a828a20630442cb83222722ff3"
  },
  "C:\\Users\\osama\\OneDrive\\سطح المكتب\\Whale_Store\\.claude\\worktrees\\gracious-colden\\services\\emailService.js": {
    "path": "C:\\Users\\osama\\OneDrive\\سطح المكتب\\Whale_Store\\.claude\\worktrees\\gracious-colden\\services\\emailService.js",
    "statementMap": {
      "0": { "start": { "line": 1, "column": 36 }, "end": { "line": 1, "column": 60 } },
      "1": { "start": { "line": 4, "column": 2 }, "end": { "line": 13, "column": 21 } },
      "2": { "start": { "line": 17, "column": 2 }, "end": { "line": 17, "column": 28 } },
      "3": { "start": { "line": 17, "column": 21 }, "end": { "line": 17, "column": 28 } },
      "4": { "start": { "line": 18, "column": 2 }, "end": { "line": 27, "column": 21 } },
      "5": { "start": { "line": 31, "column": 2 }, "end": { "line": 31, "column": 27 } },
      "6": { "start": { "line": 31, "column": 20 }, "end": { "line": 31, "column": 27 } },
      "7": { "start": { "line": 32, "column": 2 }, "end": { "line": 41, "column": 21 } },
      "8": { "start": { "line": 45, "column": 2 }, "end": { "line": 45, "column": 27 } },
      "9": { "start": { "line": 45, "column": 20 }, "end": { "line": 45, "column": 27 } },
      "10": { "start": { "line": 46, "column": 19 }, "end": { "line": 46, "column": 75 } },
      "11": { "start": { "line": 47, "column": 2 }, "end": { "line": 56, "column": 21 } },
      "12": { "start": { "line": 60, "column": 17 }, "end": { "line": 60, "column": 19 } },
      "13": { "start": { "line": 61, "column": 2 }, "end": { "line": 72, "column": 3 } },
      "14": { "start": { "line": 62, "column": 4 }, "end": { "line": 71, "column": 24 } },
      "15": { "start": { "line": 73, "column": 2 }, "end": { "line": 84, "column": 3 } },
      "16": { "start": { "line": 74, "column": 4 }, "end": { "line": 83, "column": 24 } },
      "17": { "start": { "line": 85, "column": 2 }, "end": { "line": 85, "column": 35 } },
      "18": { "start": { "line": 89, "column": 2 }, "end": { "line": 98, "column": 21 } },
      "19": { "start": { "line": 101, "column": 0 }, "end": { "line": 101, "column": 125 } }
    },
    "fnMap": {
      "0": {
        "name": "sendWelcome",
        "decl": { "start": { "line": 3, "column": 15 }, "end": { "line": 3, "column": 26 } },
        "loc": { "start": { "line": 3, "column": 33 }, "end": { "line": 14, "column": 1 } },
        "line": 3
      },
      "1": {
        "name": "(anonymous_1)",
        "decl": { "start": { "line": 13, "column": 11 }, "end": { "line": 13, "column": 12 } },
        "loc": { "start": { "line": 13, "column": 17 }, "end": { "line": 13, "column": 19 } },
        "line": 13
      },
      "2": {
        "name": "sendOrderPlaced",
        "decl": { "start": { "line": 16, "column": 15 }, "end": { "line": 16, "column": 30 } },
        "loc": { "start": { "line": 16, "column": 38 }, "end": { "line": 28, "column": 1 } },
        "line": 16
      },
      "3": {
        "name": "(anonymous_3)",
        "decl": { "start": { "line": 27, "column": 11 }, "end": { "line": 27, "column": 12 } },
        "loc": { "start": { "line": 27, "column": 17 }, "end": { "line": 27, "column": 19 } },
        "line": 27
      },
      "4": {
        "name": "sendOrderConfirmed",
        "decl": { "start": { "line": 30, "column": 15 }, "end": { "line": 30, "column": 33 } },
        "loc": { "start": { "line": 30, "column": 41 }, "end": { "line": 42, "column": 1 } },
        "line": 30
      },
      "5": {
        "name": "(anonymous_5)",
        "decl": { "start": { "line": 41, "column": 11 }, "end": { "line": 41, "column": 12 } },
        "loc": { "start": { "line": 41, "column": 17 }, "end": { "line": 41, "column": 19 } },
        "line": 41
      },
      "6": {
        "name": "sendOrderShipped",
        "decl": { "start": { "line": 44, "column": 15 }, "end": { "line": 44, "column": 31 } },
        "loc": { "start": { "line": 44, "column": 39 }, "end": { "line": 57, "column": 1 } },
        "line": 44
      },
      "7": {
        "name": "(anonymous_7)",
        "decl": { "start": { "line": 56, "column": 11 }, "end": { "line": 56, "column": 12 } },
        "loc": { "start": { "line": 56, "column": 17 }, "end": { "line": 56, "column": 19 } },
        "line": 56
      },
      "8": {
        "name": "sendOrderCompleted",
        "decl": { "start": { "line": 59, "column": 15 }, "end": { "line": 59, "column": 33 } },
        "loc": { "start": { "line": 59, "column": 41 }, "end": { "line": 86, "column": 1 } },
        "line": 59
      },
      "9": {
        "name": "(anonymous_9)",
        "decl": { "start": { "line": 71, "column": 13 }, "end": { "line": 71, "column": 14 } },
        "loc": { "start": { "line": 71, "column": 19 }, "end": { "line": 71, "column": 21 } },
        "line": 71
      },
      "10": {
        "name": "(anonymous_10)",
        "decl": { "start": { "line": 83, "column": 13 }, "end": { "line": 83, "column": 14 } },
        "loc": { "start": { "line": 83, "column": 19 }, "end": { "line": 83, "column": 21 } },
        "line": 83
      },
      "11": {
        "name": "sendTrialEnding",
        "decl": { "start": { "line": 88, "column": 15 }, "end": { "line": 88, "column": 30 } },
        "loc": { "start": { "line": 88, "column": 47 }, "end": { "line": 99, "column": 1 } },
        "line": 88
      },
      "12": {
        "name": "(anonymous_12)",
        "decl": { "start": { "line": 98, "column": 11 }, "end": { "line": 98, "column": 12 } },
        "loc": { "start": { "line": 98, "column": 17 }, "end": { "line": 98, "column": 19 } },
        "line": 98
      }
    },
    "branchMap": {
      "0": {
        "loc": { "start": { "line": 17, "column": 2 }, "end": { "line": 17, "column": 28 } },
        "type": "if",
        "locations": [
          { "start": { "line": 17, "column": 2 }, "end": { "line": 17, "column": 28 } },
          { "start": {}, "end": {} }
        ],
        "line": 17
      },
      "1": {
        "loc": { "start": { "line": 31, "column": 2 }, "end": { "line": 31, "column": 27 } },
        "type": "if",
        "locations": [
          { "start": { "line": 31, "column": 2 }, "end": { "line": 31, "column": 27 } },
          { "start": {}, "end": {} }
        ],
        "line": 31
      },
      "2": {
        "loc": { "start": { "line": 45, "column": 2 }, "end": { "line": 45, "column": 27 } },
        "type": "if",
        "locations": [
          { "start": { "line": 45, "column": 2 }, "end": { "line": 45, "column": 27 } },
          { "start": {}, "end": {} }
        ],
        "line": 45
      },
      "3": {
        "loc": { "start": { "line": 46, "column": 19 }, "end": { "line": 46, "column": 75 } },
        "type": "cond-expr",
        "locations": [
          { "start": { "line": 46, "column": 42 }, "end": { "line": 46, "column": 70 } },
          { "start": { "line": 46, "column": 73 }, "end": { "line": 46, "column": 75 } }
        ],
        "line": 46
      },
      "4": {
        "loc": { "start": { "line": 61, "column": 2 }, "end": { "line": 72, "column": 3 } },
        "type": "if",
        "locations": [
          { "start": { "line": 61, "column": 2 }, "end": { "line": 72, "column": 3 } },
          { "start": {}, "end": {} }
        ],
        "line": 61
      },
      "5": {
        "loc": { "start": { "line": 73, "column": 2 }, "end": { "line": 84, "column": 3 } },
        "type": "if",
        "locations": [
          { "start": { "line": 73, "column": 2 }, "end": { "line": 84, "column": 3 } },
          { "start": {}, "end": {} }
        ],
        "line": 73
      }
    },
    "s": {
      "0": 1,
      "1": 2,
      "2": 2,
      "3": 1,
      "4": 1,
      "5": 1,
      "6": 1,
      "7": 0,
      "8": 2,
      "9": 0,
      "10": 2,
      "11": 2,
      "12": 2,
      "13": 2,
      "14": 2,
      "15": 2,
      "16": 1,
      "17": 2,
      "18": 1,
      "19": 1
    },
    "f": {
      "0": 2,
      "1": 1,
      "2": 2,
      "3": 0,
      "4": 1,
      "5": 0,
      "6": 2,
      "7": 1,
      "8": 2,
      "9": 0,
      "10": 0,
      "11": 1,
      "12": 0
    },
    "b": { "0": [1, 1], "1": [1, 0], "2": [0, 2], "3": [1, 1], "4": [2, 0], "5": [1, 1] },
    "_coverageSchema": "1a1c01bbd47fc00a2c39e90264f33305004495a9",
    "hash": "69301445b574f01bf81b00a57802ca34f0d9e1ca"
  },
  "C:\\Users\\osama\\OneDrive\\سطح المكتب\\Whale_Store\\.claude\\worktrees\\gracious-colden\\services\\stateMachine.js": {
    "path": "C:\\Users\\osama\\OneDrive\\سطح المكتب\\Whale_Store\\.claude\\worktrees\\gracious-colden\\services\\stateMachine.js",
    "statementMap": {
      "0": { "start": { "line": 3, "column": 20 }, "end": { "line": 9, "column": 1 } },
      "1": { "start": { "line": 11, "column": 20 }, "end": { "line": 18, "column": 1 } },
      "2": { "start": { "line": 21, "column": 24 }, "end": { "line": 21, "column": 36 } },
      "3": { "start": { "line": 22, "column": 18 }, "end": { "line": 22, "column": 44 } },
      "4": { "start": { "line": 24, "column": 2 }, "end": { "line": 26, "column": 3 } },
      "5": { "start": { "line": 25, "column": 4 }, "end": { "line": 25, "column": 42 } },
      "6": { "start": { "line": 28, "column": 24 }, "end": { "line": 28, "column": 43 } },
      "7": { "start": { "line": 29, "column": 18 }, "end": { "line": 29, "column": 22 } },
      "8": { "start": { "line": 30, "column": 2 }, "end": { "line": 32, "column": 58 } },
      "9": { "start": { "line": 30, "column": 29 }, "end": { "line": 30, "column": 49 } },
      "10": { "start": { "line": 31, "column": 7 }, "end": { "line": 32, "column": 58 } },
      "11": { "start": { "line": 31, "column": 39 }, "end": { "line": 31, "column": 60 } },
      "12": { "start": { "line": 32, "column": 7 }, "end": { "line": 32, "column": 58 } },
      "13": { "start": { "line": 32, "column": 38 }, "end": { "line": 32, "column": 58 } },
      "14": { "start": { "line": 34, "column": 2 }, "end": { "line": 36, "column": 3 } },
      "15": { "start": { "line": 35, "column": 4 }, "end": { "line": 35, "column": 42 } },
      "16": { "start": { "line": 38, "column": 2 }, "end": { "line": 40, "column": 3 } },
      "17": { "start": { "line": 39, "column": 4 }, "end": { "line": 39, "column": 40 } },
      "18": { "start": { "line": 41, "column": 2 }, "end": { "line": 43, "column": 3 } },
      "19": { "start": { "line": 42, "column": 4 }, "end": { "line": 42, "column": 38 } },
      "20": { "start": { "line": 45, "column": 18 }, "end": { "line": 45, "column": 52 } },
      "21": { "start": { "line": 46, "column": 2 }, "end": { "line": 50, "column": 3 } },
      "22": { "start": { "line": 47, "column": 4 }, "end": { "line": 49, "column": 47 } },
      "23": { "start": { "line": 47, "column": 43 }, "end": { "line": 47, "column": 67 } },
      "24": { "start": { "line": 48, "column": 9 }, "end": { "line": 49, "column": 47 } },
      "25": { "start": { "line": 48, "column": 46 }, "end": { "line": 48, "column": 70 } },
      "26": { "start": { "line": 49, "column": 9 }, "end": { "line": 49, "column": 47 } },
      "27": { "start": { "line": 52, "column": 2 }, "end": { "line": 52, "column": 19 } },
      "28": { "start": { "line": 55, "column": 0 }, "end": { "line": 55, "column": 66 } }
    },
    "fnMap": {
      "0": {
        "name": "validateTransition",
        "decl": { "start": { "line": 20, "column": 9 }, "end": { "line": 20, "column": 27 } },
        "loc": { "start": { "line": 20, "column": 77 }, "end": { "line": 53, "column": 1 } },
        "line": 20
      }
    },
    "branchMap": {
      "0": {
        "loc": { "start": { "line": 20, "column": 63 }, "end": { "line": 20, "column": 75 } },
        "type": "default-arg",
        "locations": [
          { "start": { "line": 20, "column": 73 }, "end": { "line": 20, "column": 75 } }
        ],
        "line": 20
      },
      "1": {
        "loc": { "start": { "line": 24, "column": 2 }, "end": { "line": 26, "column": 3 } },
        "type": "if",
        "locations": [
          { "start": { "line": 24, "column": 2 }, "end": { "line": 26, "column": 3 } },
          { "start": {}, "end": {} }
        ],
        "line": 24
      },
      "2": {
        "loc": { "start": { "line": 24, "column": 6 }, "end": { "line": 24, "column": 38 } },
        "type": "binary-expr",
        "locations": [
          { "start": { "line": 24, "column": 6 }, "end": { "line": 24, "column": 14 } },
          { "start": { "line": 24, "column": 18 }, "end": { "line": 24, "column": 38 } }
        ],
        "line": 24
      },
      "3": {
        "loc": { "start": { "line": 30, "column": 2 }, "end": { "line": 32, "column": 58 } },
        "type": "if",
        "locations": [
          { "start": { "line": 30, "column": 2 }, "end": { "line": 32, "column": 58 } },
          { "start": { "line": 31, "column": 7 }, "end": { "line": 32, "column": 58 } }
        ],
        "line": 30
      },
      "4": {
        "loc": { "start": { "line": 31, "column": 7 }, "end": { "line": 32, "column": 58 } },
        "type": "if",
        "locations": [
          { "start": { "line": 31, "column": 7 }, "end": { "line": 32, "column": 58 } },
          { "start": { "line": 32, "column": 7 }, "end": { "line": 32, "column": 58 } }
        ],
        "line": 31
      },
      "5": {
        "loc": { "start": { "line": 32, "column": 7 }, "end": { "line": 32, "column": 58 } },
        "type": "if",
        "locations": [
          { "start": { "line": 32, "column": 7 }, "end": { "line": 32, "column": 58 } },
          { "start": {}, "end": {} }
        ],
        "line": 32
      },
      "6": {
        "loc": { "start": { "line": 34, "column": 2 }, "end": { "line": 36, "column": 3 } },
        "type": "if",
        "locations": [
          { "start": { "line": 34, "column": 2 }, "end": { "line": 36, "column": 3 } },
          { "start": {}, "end": {} }
        ],
        "line": 34
      },
      "7": {
        "loc": { "start": { "line": 34, "column": 6 }, "end": { "line": 34, "column": 54 } },
        "type": "binary-expr",
        "locations": [
          { "start": { "line": 34, "column": 6 }, "end": { "line": 34, "column": 16 } },
          { "start": { "line": 34, "column": 20 }, "end": { "line": 34, "column": 54 } }
        ],
        "line": 34
      },
      "8": {
        "loc": { "start": { "line": 38, "column": 2 }, "end": { "line": 40, "column": 3 } },
        "type": "if",
        "locations": [
          { "start": { "line": 38, "column": 2 }, "end": { "line": 40, "column": 3 } },
          { "start": {}, "end": {} }
        ],
        "line": 38
      },
      "9": {
        "loc": { "start": { "line": 38, "column": 6 }, "end": { "line": 38, "column": 50 } },
        "type": "binary-expr",
        "locations": [
          { "start": { "line": 38, "column": 6 }, "end": { "line": 38, "column": 23 } },
          { "start": { "line": 38, "column": 27 }, "end": { "line": 38, "column": 50 } }
        ],
        "line": 38
      },
      "10": {
        "loc": { "start": { "line": 41, "column": 2 }, "end": { "line": 43, "column": 3 } },
        "type": "if",
        "locations": [
          { "start": { "line": 41, "column": 2 }, "end": { "line": 43, "column": 3 } },
          { "start": {}, "end": {} }
        ],
        "line": 41
      },
      "11": {
        "loc": { "start": { "line": 41, "column": 6 }, "end": { "line": 41, "column": 44 } },
        "type": "binary-expr",
        "locations": [
          { "start": { "line": 41, "column": 6 }, "end": { "line": 41, "column": 25 } },
          { "start": { "line": 41, "column": 29 }, "end": { "line": 41, "column": 44 } }
        ],
        "line": 41
      },
      "12": {
        "loc": { "start": { "line": 46, "column": 2 }, "end": { "line": 50, "column": 3 } },
        "type": "if",
        "locations": [
          { "start": { "line": 46, "column": 2 }, "end": { "line": 50, "column": 3 } },
          { "start": {}, "end": {} }
        ],
        "line": 46
      },
      "13": {
        "loc": { "start": { "line": 47, "column": 4 }, "end": { "line": 49, "column": 47 } },
        "type": "if",
        "locations": [
          { "start": { "line": 47, "column": 4 }, "end": { "line": 49, "column": 47 } },
          { "start": { "line": 48, "column": 9 }, "end": { "line": 49, "column": 47 } }
        ],
        "line": 47
      },
      "14": {
        "loc": { "start": { "line": 48, "column": 9 }, "end": { "line": 49, "column": 47 } },
        "type": "if",
        "locations": [
          { "start": { "line": 48, "column": 9 }, "end": { "line": 49, "column": 47 } },
          { "start": { "line": 49, "column": 9 }, "end": { "line": 49, "column": 47 } }
        ],
        "line": 48
      }
    },
    "s": {
      "0": 1,
      "1": 1,
      "2": 23,
      "3": 23,
      "4": 23,
      "5": 5,
      "6": 18,
      "7": 18,
      "8": 18,
      "9": 3,
      "10": 15,
      "11": 6,
      "12": 9,
      "13": 9,
      "14": 18,
      "15": 4,
      "16": 14,
      "17": 1,
      "18": 13,
      "19": 1,
      "20": 12,
      "21": 12,
      "22": 3,
      "23": 1,
      "24": 2,
      "25": 1,
      "26": 1,
      "27": 11,
      "28": 1
    },
    "f": { "0": 23 },
    "b": {
      "0": [11],
      "1": [5, 18],
      "2": [23, 21],
      "3": [3, 15],
      "4": [6, 9],
      "5": [9, 0],
      "6": [4, 14],
      "7": [18, 18],
      "8": [1, 13],
      "9": [14, 2],
      "10": [1, 12],
      "11": [13, 4],
      "12": [3, 9],
      "13": [1, 2],
      "14": [1, 1]
    },
    "_coverageSchema": "1a1c01bbd47fc00a2c39e90264f33305004495a9",
    "hash": "996659049fdc8049879937f147415d0365e94562"
  },
  "C:\\Users\\osama\\OneDrive\\سطح المكتب\\Whale_Store\\.claude\\worktrees\\gracious-colden\\utils\\pagination.js": {
    "path": "C:\\Users\\osama\\OneDrive\\سطح المكتب\\Whale_Store\\.claude\\worktrees\\gracious-colden\\utils\\pagination.js",
    "statementMap": {
      "0": { "start": { "line": 1, "column": 18 }, "end": { "line": 1, "column": 20 } },
      "1": { "start": { "line": 4, "column": 21 }, "end": { "line": 4, "column": 44 } },
      "2": { "start": { "line": 5, "column": 2 }, "end": { "line": 8, "column": 3 } },
      "3": { "start": { "line": 6, "column": 4 }, "end": { "line": 6, "column": 39 } },
      "4": { "start": { "line": 7, "column": 4 }, "end": { "line": 7, "column": 24 } },
      "5": { "start": { "line": 9, "column": 2 }, "end": { "line": 9, "column": 20 } },
      "6": { "start": { "line": 13, "column": 18 }, "end": { "line": 13, "column": 42 } },
      "7": { "start": { "line": 14, "column": 17 }, "end": { "line": 14, "column": 60 } },
      "8": { "start": { "line": 15, "column": 21 }, "end": { "line": 15, "column": 66 } },
      "9": { "start": { "line": 16, "column": 2 }, "end": { "line": 16, "column": 39 } },
      "10": { "start": { "line": 19, "column": 0 }, "end": { "line": 19, "column": 71 } }
    },
    "fnMap": {
      "0": {
        "name": "cursorPagination",
        "decl": { "start": { "line": 3, "column": 9 }, "end": { "line": 3, "column": 25 } },
        "loc": { "start": { "line": 3, "column": 34 }, "end": { "line": 10, "column": 1 } },
        "line": 3
      },
      "1": {
        "name": "processCursorResults",
        "decl": { "start": { "line": 12, "column": 9 }, "end": { "line": 12, "column": 29 } },
        "loc": { "start": { "line": 12, "column": 37 }, "end": { "line": 17, "column": 1 } },
        "line": 12
      }
    },
    "branchMap": {
      "0": {
        "loc": { "start": { "line": 5, "column": 2 }, "end": { "line": 8, "column": 3 } },
        "type": "if",
        "locations": [
          { "start": { "line": 5, "column": 2 }, "end": { "line": 8, "column": 3 } },
          { "start": {}, "end": {} }
        ],
        "line": 5
      },
      "1": {
        "loc": { "start": { "line": 14, "column": 17 }, "end": { "line": 14, "column": 60 } },
        "type": "cond-expr",
        "locations": [
          { "start": { "line": 14, "column": 27 }, "end": { "line": 14, "column": 52 } },
          { "start": { "line": 14, "column": 55 }, "end": { "line": 14, "column": 60 } }
        ],
        "line": 14
      },
      "2": {
        "loc": { "start": { "line": 15, "column": 21 }, "end": { "line": 15, "column": 66 } },
        "type": "cond-expr",
        "locations": [
          { "start": { "line": 15, "column": 31 }, "end": { "line": 15, "column": 59 } },
          { "start": { "line": 15, "column": 62 }, "end": { "line": 15, "column": 66 } }
        ],
        "line": 15
      }
    },
    "s": {
      "0": 1,
      "1": 2,
      "2": 2,
      "3": 1,
      "4": 1,
      "5": 2,
      "6": 2,
      "7": 2,
      "8": 2,
      "9": 2,
      "10": 1
    },
    "f": { "0": 2, "1": 2 },
    "b": { "0": [1, 1], "1": [1, 1], "2": [1, 1] },
    "_coverageSchema": "1a1c01bbd47fc00a2c39e90264f33305004495a9",
    "hash": "8217752411a7b0acf781760783db3818629a9ea5"
  },
  "C:\\Users\\osama\\OneDrive\\سطح المكتب\\Whale_Store\\.claude\\worktrees\\gracious-colden\\utils\\sanitize.js": {
    "path": "C:\\Users\\osama\\OneDrive\\سطح المكتب\\Whale_Store\\.claude\\worktrees\\gracious-colden\\utils\\sanitize.js",
    "statementMap": {
      "0": { "start": { "line": 2, "column": 2 }, "end": { "line": 2, "column": 41 } },
      "1": { "start": { "line": 2, "column": 31 }, "end": { "line": 2, "column": 41 } },
      "2": { "start": { "line": 3, "column": 2 }, "end": { "line": 3, "column": 44 } },
      "3": { "start": { "line": 7, "column": 2 }, "end": { "line": 7, "column": 41 } },
      "4": { "start": { "line": 7, "column": 31 }, "end": { "line": 7, "column": 41 } },
      "5": { "start": { "line": 8, "column": 2 }, "end": { "line": 8, "column": 58 } },
      "6": { "start": { "line": 12, "column": 16 }, "end": { "line": 12, "column": 18 } },
      "7": { "start": { "line": 13, "column": 2 }, "end": { "line": 23, "column": 3 } },
      "8": { "start": { "line": 14, "column": 4 }, "end": { "line": 22, "column": 5 } },
      "9": { "start": { "line": 15, "column": 6 }, "end": { "line": 21, "column": 7 } },
      "10": { "start": { "line": 16, "column": 8 }, "end": { "line": 16, "column": 56 } },
      "11": { "start": { "line": 17, "column": 13 }, "end": { "line": 21, "column": 7 } },
      "12": { "start": { "line": 18, "column": 8 }, "end": { "line": 18, "column": 31 } },
      "13": { "start": { "line": 20, "column": 8 }, "end": { "line": 20, "column": 31 } },
      "14": { "start": { "line": 24, "column": 2 }, "end": { "line": 24, "column": 15 } },
      "15": { "start": { "line": 27, "column": 0 }, "end": { "line": 27, "column": 51 } }
    },
    "fnMap": {
      "0": {
        "name": "strip",
        "decl": { "start": { "line": 1, "column": 9 }, "end": { "line": 1, "column": 14 } },
        "loc": { "start": { "line": 1, "column": 20 }, "end": { "line": 4, "column": 1 } },
        "line": 1
      },
      "1": {
        "name": "truncate",
        "decl": { "start": { "line": 6, "column": 9 }, "end": { "line": 6, "column": 17 } },
        "loc": { "start": { "line": 6, "column": 31 }, "end": { "line": 9, "column": 1 } },
        "line": 6
      },
      "2": {
        "name": "sanitizeBody",
        "decl": { "start": { "line": 11, "column": 9 }, "end": { "line": 11, "column": 21 } },
        "loc": { "start": { "line": 11, "column": 36 }, "end": { "line": 25, "column": 1 } },
        "line": 11
      }
    },
    "branchMap": {
      "0": {
        "loc": { "start": { "line": 2, "column": 2 }, "end": { "line": 2, "column": 41 } },
        "type": "if",
        "locations": [
          { "start": { "line": 2, "column": 2 }, "end": { "line": 2, "column": 41 } },
          { "start": {}, "end": {} }
        ],
        "line": 2
      },
      "1": {
        "loc": { "start": { "line": 7, "column": 2 }, "end": { "line": 7, "column": 41 } },
        "type": "if",
        "locations": [
          { "start": { "line": 7, "column": 2 }, "end": { "line": 7, "column": 41 } },
          { "start": {}, "end": {} }
        ],
        "line": 7
      },
      "2": {
        "loc": { "start": { "line": 8, "column": 9 }, "end": { "line": 8, "column": 57 } },
        "type": "cond-expr",
        "locations": [
          { "start": { "line": 8, "column": 31 }, "end": { "line": 8, "column": 51 } },
          { "start": { "line": 8, "column": 54 }, "end": { "line": 8, "column": 57 } }
        ],
        "line": 8
      },
      "3": {
        "loc": { "start": { "line": 14, "column": 4 }, "end": { "line": 22, "column": 5 } },
        "type": "if",
        "locations": [
          { "start": { "line": 14, "column": 4 }, "end": { "line": 22, "column": 5 } },
          { "start": {}, "end": {} }
        ],
        "line": 14
      },
      "4": {
        "loc": { "start": { "line": 14, "column": 8 }, "end": { "line": 14, "column": 53 } },
        "type": "binary-expr",
        "locations": [
          { "start": { "line": 14, "column": 8 }, "end": { "line": 14, "column": 31 } },
          { "start": { "line": 14, "column": 35 }, "end": { "line": 14, "column": 53 } }
        ],
        "line": 14
      },
      "5": {
        "loc": { "start": { "line": 15, "column": 6 }, "end": { "line": 21, "column": 7 } },
        "type": "if",
        "locations": [
          { "start": { "line": 15, "column": 6 }, "end": { "line": 21, "column": 7 } },
          { "start": { "line": 17, "column": 13 }, "end": { "line": 21, "column": 7 } }
        ],
        "line": 15
      },
      "6": {
        "loc": { "start": { "line": 17, "column": 13 }, "end": { "line": 21, "column": 7 } },
        "type": "if",
        "locations": [
          { "start": { "line": 17, "column": 13 }, "end": { "line": 21, "column": 7 } },
          { "start": { "line": 19, "column": 13 }, "end": { "line": 21, "column": 7 } }
        ],
        "line": 17
      },
      "7": {
        "loc": { "start": { "line": 17, "column": 17 }, "end": { "line": 17, "column": 80 } },
        "type": "binary-expr",
        "locations": [
          { "start": { "line": 17, "column": 17 }, "end": { "line": 17, "column": 46 } },
          { "start": { "line": 17, "column": 50 }, "end": { "line": 17, "column": 80 } }
        ],
        "line": 17
      }
    },
    "s": {
      "0": 4,
      "1": 2,
      "2": 2,
      "3": 4,
      "4": 1,
      "5": 3,
      "6": 2,
      "7": 2,
      "8": 6,
      "9": 4,
      "10": 1,
      "11": 3,
      "12": 2,
      "13": 1,
      "14": 2,
      "15": 1
    },
    "f": { "0": 4, "1": 4, "2": 2 },
    "b": {
      "0": [2, 2],
      "1": [1, 3],
      "2": [2, 1],
      "3": [4, 2],
      "4": [6, 5],
      "5": [1, 3],
      "6": [2, 1],
      "7": [3, 2]
    },
    "_coverageSchema": "1a1c01bbd47fc00a2c39e90264f33305004495a9",
    "hash": "73b2c9d4f1d14dab3f053a6f1dcd32e68dedce29"
  }
}
