TN:
SF:lib\i18n.js
FN:229,t
FNF:1
FNH:1
FNDA:6,t
DA:1,2
DA:230,6
DA:231,6
DA:232,5
DA:233,5
DA:234,1
DA:236,5
DA:239,2
LF:8
LH:8
BRDA:229,0,0,1
BRDA:229,1,0,5
BRDA:231,2,0,1
BRDA:231,2,1,5
BRDA:232,3,0,5
BRDA:232,3,1,1
BRDA:232,3,2,0
BRF:7
BRH:6
end_of_record
TN:
SF:middleware\auth.js
FN:3,(anonymous_0)
FN:8,(anonymous_1)
FN:17,(anonymous_2)
FN:31,(anonymous_3)
FN:62,(anonymous_4)
FN:84,(anonymous_5)
FN:98,(anonymous_6)
FN:112,(anonymous_7)
FNF:8
FNH:8
FNDA:1,(anonymous_0)
FNDA:2,(anonymous_1)
FNDA:2,(anonymous_2)
FNDA:7,(anonymous_3)
FNDA:4,(anonymous_4)
FNDA:3,(anonymous_5)
FNDA:3,(anonymous_6)
FNDA:4,(anonymous_7)
DA:1,1
DA:3,1
DA:4,1
DA:5,1
DA:8,1
DA:9,2
DA:10,1
DA:11,1
DA:13,1
DA:14,1
DA:17,1
DA:18,2
DA:19,1
DA:25,1
DA:31,1
DA:32,7
DA:33,7
DA:36,6
DA:38,5
DA:39,4
DA:40,1
DA:41,1
DA:44,3
DA:45,3
DA:46,3
DA:48,3
DA:49,1
DA:50,1
DA:53,2
DA:55,1
DA:62,1
DA:63,4
DA:64,4
DA:65,3
DA:67,2
DA:68,2
DA:70,2
DA:71,1
DA:74,1
DA:75,1
DA:77,1
DA:84,1
DA:85,3
DA:86,3
DA:88,2
DA:89,1
DA:91,1
DA:92,1
DA:98,1
DA:99,3
DA:100,3
DA:102,2
DA:103,1
DA:105,1
DA:106,1
DA:112,1
DA:113,4
DA:114,4
DA:115,3
DA:117,2
DA:118,1
DA:120,1
DA:121,1
DA:123,1
DA:127,1
LF:65
LH:65
BRDA:4,0,0,1
BRDA:4,0,1,0
BRDA:9,1,0,1
BRDA:9,1,1,1
BRDA:18,2,0,1
BRDA:18,2,1,1
BRDA:18,3,0,2
BRDA:18,3,1,2
BRDA:33,4,0,1
BRDA:33,4,1,6
BRDA:36,5,0,1
BRDA:36,5,1,5
BRDA:38,6,0,5
BRDA:38,6,1,4
BRDA:39,7,0,1
BRDA:39,7,1,3
BRDA:45,8,0,3
BRDA:45,8,1,2
BRDA:45,8,2,2
BRDA:46,9,0,3
BRDA:46,9,1,2
BRDA:48,10,0,1
BRDA:48,10,1,2
BRDA:48,11,0,3
BRDA:48,11,1,2
BRDA:65,12,0,1
BRDA:65,12,1,2
BRDA:67,13,0,2
BRDA:67,13,1,1
BRDA:70,14,0,1
BRDA:70,14,1,1
BRDA:70,15,0,2
BRDA:70,15,1,1
BRDA:85,16,0,3
BRDA:85,16,1,2
BRDA:86,17,0,1
BRDA:86,17,1,2
BRDA:88,18,0,1
BRDA:88,18,1,1
BRDA:88,19,0,2
BRDA:88,19,1,1
BRDA:99,20,0,3
BRDA:99,20,1,2
BRDA:100,21,0,1
BRDA:100,21,1,2
BRDA:102,22,0,1
BRDA:102,22,1,1
BRDA:102,23,0,2
BRDA:102,23,1,1
BRDA:115,24,0,1
BRDA:115,24,1,2
BRDA:117,25,0,1
BRDA:117,25,1,1
BRDA:117,26,0,2
BRDA:117,26,1,1
BRF:55
BRH:54
end_of_record
TN:
SF:middleware\locale.js
FN:6,localeMiddleware
FN:22,(anonymous_1)
FNF:2
FNH:2
FNDA:4,localeMiddleware
FNDA:1,(anonymous_1)
DA:1,1
DA:3,1
DA:4,1
DA:7,4
DA:9,4
DA:10,1
DA:11,1
DA:12,3
DA:13,1
DA:15,2
DA:16,2
DA:19,4
DA:20,4
DA:21,4
DA:22,4
DA:23,4
DA:25,4
DA:28,1
LF:18
LH:18
BRDA:9,0,0,1
BRDA:9,0,1,3
BRDA:9,1,0,4
BRDA:9,1,1,2
BRDA:11,2,0,1
BRDA:11,2,1,0
BRDA:12,3,0,1
BRDA:12,3,1,2
BRDA:12,4,0,3
BRDA:12,4,1,1
BRDA:15,5,0,2
BRDA:15,5,1,0
BRDA:16,6,0,1
BRDA:16,6,1,1
BRDA:21,7,0,2
BRDA:21,7,1,2
BRDA:23,8,0,4
BRDA:23,8,1,2
BRDA:23,8,2,3
BRF:19
BRH:17
end_of_record
TN:
SF:middleware\subscription.js
FN:1,subscriptionMiddleware
FNF:1
FNH:1
FNDA:5,subscriptionMiddleware
DA:2,5
DA:3,4
DA:4,4
DA:5,4
DA:6,4
DA:7,4
DA:9,1
DA:10,1
DA:11,1
DA:13,5
DA:16,1
LF:11
LH:11
BRDA:2,0,0,4
BRDA:2,0,1,1
BRDA:2,1,0,5
BRDA:2,1,1,4
BRDA:5,2,0,4
BRDA:5,2,1,2
BRDA:5,2,2,2
BRDA:6,3,0,4
BRDA:6,3,1,3
BRDA:7,4,0,4
BRDA:7,4,1,3
BRDA:7,4,2,2
BRF:12
BRH:12
end_of_record
TN:
SF:services\emailService.js
FN:3,sendWelcome
FN:13,(anonymous_1)
FN:16,sendOrderPlaced
FN:27,(anonymous_3)
FN:30,sendOrderConfirmed
FN:41,(anonymous_5)
FN:44,sendOrderShipped
FN:56,(anonymous_7)
FN:59,sendOrderCompleted
FN:71,(anonymous_9)
FN:83,(anonymous_10)
FN:88,sendTrialEnding
FN:98,(anonymous_12)
FNF:13
FNH:8
FNDA:2,sendWelcome
FNDA:1,(anonymous_1)
FNDA:2,sendOrderPlaced
FNDA:0,(anonymous_3)
FNDA:1,sendOrderConfirmed
FNDA:0,(anonymous_5)
FNDA:2,sendOrderShipped
FNDA:1,(anonymous_7)
FNDA:2,sendOrderCompleted
FNDA:0,(anonymous_9)
FNDA:0,(anonymous_10)
FNDA:1,sendTrialEnding
FNDA:0,(anonymous_12)
DA:1,1
DA:4,2
DA:17,2
DA:18,1
DA:31,1
DA:32,0
DA:45,2
DA:46,2
DA:47,2
DA:60,2
DA:61,2
DA:62,2
DA:73,2
DA:74,1
DA:85,2
DA:89,1
DA:101,1
LF:17
LH:16
BRDA:17,0,0,1
BRDA:17,0,1,1
BRDA:31,1,0,1
BRDA:31,1,1,0
BRDA:45,2,0,0
BRDA:45,2,1,2
BRDA:46,3,0,1
BRDA:46,3,1,1
BRDA:61,4,0,2
BRDA:61,4,1,0
BRDA:73,5,0,1
BRDA:73,5,1,1
BRF:12
BRH:9
end_of_record
TN:
SF:services\stateMachine.js
FN:20,validateTransition
FNF:1
FNH:1
FNDA:23,validateTransition
DA:3,1
DA:11,1
DA:21,23
DA:22,23
DA:24,23
DA:25,5
DA:28,18
DA:29,18
DA:30,18
DA:31,15
DA:32,9
DA:34,18
DA:35,4
DA:38,14
DA:39,1
DA:41,13
DA:42,1
DA:45,12
DA:46,12
DA:47,3
DA:48,2
DA:49,1
DA:52,11
DA:55,1
LF:24
LH:24
BRDA:20,0,0,11
BRDA:24,1,0,5
BRDA:24,1,1,18
BRDA:24,2,0,23
BRDA:24,2,1,21
BRDA:30,3,0,3
BRDA:30,3,1,15
BRDA:31,4,0,6
BRDA:31,4,1,9
BRDA:32,5,0,9
BRDA:32,5,1,0
BRDA:34,6,0,4
BRDA:34,6,1,14
BRDA:34,7,0,18
BRDA:34,7,1,18
BRDA:38,8,0,1
BRDA:38,8,1,13
BRDA:38,9,0,14
BRDA:38,9,1,2
BRDA:41,10,0,1
BRDA:41,10,1,12
BRDA:41,11,0,13
BRDA:41,11,1,4
BRDA:46,12,0,3
BRDA:46,12,1,9
BRDA:47,13,0,1
BRDA:47,13,1,2
BRDA:48,14,0,1
BRDA:48,14,1,1
BRF:29
BRH:28
end_of_record
TN:
SF:utils\pagination.js
FN:3,cursorPagination
FN:12,processCursorResults
FNF:2
FNH:2
FNDA:2,cursorPagination
FNDA:2,processCursorResults
DA:1,1
DA:4,2
DA:5,2
DA:6,1
DA:7,1
DA:9,2
DA:13,2
DA:14,2
DA:15,2
DA:16,2
DA:19,1
LF:11
LH:11
BRDA:5,0,0,1
BRDA:5,0,1,1
BRDA:14,1,0,1
BRDA:14,1,1,1
BRDA:15,2,0,1
BRDA:15,2,1,1
BRF:6
BRH:6
end_of_record
TN:
SF:utils\sanitize.js
FN:1,strip
FN:6,truncate
FN:11,sanitizeBody
FNF:3
FNH:3
FNDA:4,strip
FNDA:4,truncate
FNDA:2,sanitizeBody
DA:2,4
DA:3,2
DA:7,4
DA:8,3
DA:12,2
DA:13,2
DA:14,6
DA:15,4
DA:16,1
DA:17,3
DA:18,2
DA:20,1
DA:24,2
DA:27,1
LF:14
LH:14
BRDA:2,0,0,2
BRDA:2,0,1,2
BRDA:7,1,0,1
BRDA:7,1,1,3
BRDA:8,2,0,2
BRDA:8,2,1,1
BRDA:14,3,0,4
BRDA:14,3,1,2
BRDA:14,4,0,6
BRDA:14,4,1,5
BRDA:15,5,0,1
BRDA:15,5,1,3
BRDA:17,6,0,2
BRDA:17,6,1,1
BRDA:17,7,0,3
BRDA:17,7,1,2
BRF:16
BRH:16
end_of_record
